This file contains any messages produced by compilers while
running configure, to aid debugging if configure makes a mistake.

It was created by xapian-core configure 1.2.17, which was
generated by GNU Autoconf 2.68.  Invocation command line was

  $ ./configure 

## --------- ##
## Platform. ##
## --------- ##

hostname = Stephen-ThinkPad-T410
uname -m = x86_64
uname -r = 3.11.0-17-generic
uname -s = Linux
uname -v = #31-Ubuntu SMP Mon Feb 3 21:52:43 UTC 2014

/usr/bin/uname -p = unknown
/bin/uname -X     = unknown

/bin/arch              = unknown
/usr/bin/arch -k       = unknown
/usr/convex/getsysinfo = unknown
/usr/bin/hostinfo      = unknown
/bin/machine           = unknown
/usr/bin/oslevel       = unknown
/bin/universe          = unknown

PATH: /home/stephen/.rvm/gems/ruby-2.0.0-p247/bin
PATH: /home/stephen/.rvm/gems/ruby-2.0.0-p247@global/bin
PATH: /home/stephen/.rvm/rubies/ruby-2.0.0-p247/bin
PATH: /home/stephen/.rvm/bin
PATH: /usr/lib/lightdm/lightdm
PATH: /usr/local/sbin
PATH: /usr/local/bin
PATH: /usr/sbin
PATH: /usr/bin
PATH: /sbin
PATH: /bin
PATH: /usr/games
PATH: /usr/local/games


## ----------- ##
## Core tests. ##
## ----------- ##

configure:2765: checking for a BSD-compatible install
configure:2833: result: /usr/bin/install -c
configure:2844: checking whether build environment is sane
configure:2894: result: yes
configure:3035: checking for a thread-safe mkdir -p
configure:3074: result: /bin/mkdir -p
configure:3087: checking for gawk
configure:3103: found /usr/bin/gawk
configure:3114: result: gawk
configure:3125: checking whether make sets $(MAKE)
configure:3147: result: yes
configure:3222: checking how to create a ustar tar archive
configure:3235: tar --version
tar (GNU tar) 1.26
Copyright (C) 2011 Free Software Foundation, Inc.
License GPLv3+: GNU GPL version 3 or later <http://gnu.org/licenses/gpl.html>.
This is free software: you are free to change and redistribute it.
There is NO WARRANTY, to the extent permitted by law.

Written by John Gilmore and Jay Fenlason.
configure:3238: $? = 0
configure:3278: tardir=conftest.dir && eval tar --format=ustar -chf - "$tardir" >conftest.tar
configure:3281: $? = 0
configure:3285: tar -xf - <conftest.tar
configure:3288: $? = 0
configure:3301: result: gnutar
configure:3346: checking build system type
configure:3360: result: x86_64-unknown-linux-gnu
configure:3380: checking host system type
configure:3393: result: x86_64-unknown-linux-gnu
configure:3434: checking how to print strings
configure:3461: result: printf
configure:3494: checking for style of include used by make
configure:3522: result: GNU
configure:3593: checking for gcc
configure:3609: found /usr/bin/gcc
configure:3620: result: gcc
configure:3849: checking for C compiler version
configure:3858: gcc --version >&5
gcc (Ubuntu/Linaro 4.8.1-10ubuntu9) 4.8.1
Copyright (C) 2013 Free Software Foundation, Inc.
This is free software; see the source for copying conditions.  There is NO
warranty; not even for MERCHANTABILITY or FITNESS FOR A PARTICULAR PURPOSE.

configure:3869: $? = 0
configure:3858: gcc -v >&5
Using built-in specs.
COLLECT_GCC=gcc
COLLECT_LTO_WRAPPER=/usr/lib/gcc/x86_64-linux-gnu/4.8/lto-wrapper
Target: x86_64-linux-gnu
Configured with: ../src/configure -v --with-pkgversion='Ubuntu/Linaro 4.8.1-10ubuntu9' --with-bugurl=file:///usr/share/doc/gcc-4.8/README.Bugs --enable-languages=c,c++,java,go,d,fortran,objc,obj-c++ --prefix=/usr --program-suffix=-4.8 --enable-shared --enable-linker-build-id --libexecdir=/usr/lib --without-included-gettext --enable-threads=posix --with-gxx-include-dir=/usr/include/c++/4.8 --libdir=/usr/lib --enable-nls --with-sysroot=/ --enable-clocale=gnu --enable-libstdcxx-debug --enable-libstdcxx-time=yes --enable-gnu-unique-object --enable-plugin --with-system-zlib --disable-browser-plugin --enable-java-awt=gtk --enable-gtk-cairo --with-java-home=/usr/lib/jvm/java-1.5.0-gcj-4.8-amd64/jre --enable-java-home --with-jvm-root-dir=/usr/lib/jvm/java-1.5.0-gcj-4.8-amd64 --with-jvm-jar-dir=/usr/lib/jvm-exports/java-1.5.0-gcj-4.8-amd64 --with-arch-directory=amd64 --with-ecj-jar=/usr/share/java/eclipse-ecj.jar --enable-objc-gc --enable-multiarch --disable-werror --with-arch-32=i686 --with-abi=m64 --with-multilib-list=m32,m64,mx32 --with-tune=generic --enable-checking=release --build=x86_64-linux-gnu --host=x86_64-linux-gnu --target=x86_64-linux-gnu
Thread model: posix
gcc version 4.8.1 (Ubuntu/Linaro 4.8.1-10ubuntu9) 
configure:3869: $? = 0
configure:3858: gcc -V >&5
gcc: error: unrecognized command line option '-V'
gcc: fatal error: no input files
compilation terminated.
configure:3869: $? = 4
configure:3858: gcc -qversion >&5
gcc: error: unrecognized command line option '-qversion'
gcc: fatal error: no input files
compilation terminated.
configure:3869: $? = 4
configure:3889: checking whether the C compiler works
configure:3911: gcc    conftest.c  >&5
configure:3915: $? = 0
configure:3963: result: yes
configure:3966: checking for C compiler default output file name
configure:3968: result: a.out
configure:3974: checking for suffix of executables
configure:3981: gcc -o conftest    conftest.c  >&5
configure:3985: $? = 0
configure:4007: result: 
configure:4029: checking whether we are cross compiling
configure:4037: gcc -o conftest    conftest.c  >&5
configure:4041: $? = 0
configure:4048: ./conftest
configure:4052: $? = 0
configure:4067: result: no
configure:4072: checking for suffix of object files
configure:4094: gcc -c   conftest.c >&5
configure:4098: $? = 0
configure:4119: result: o
configure:4123: checking whether we are using the GNU C compiler
configure:4142: gcc -c   conftest.c >&5
configure:4142: $? = 0
configure:4151: result: yes
configure:4160: checking whether gcc accepts -g
configure:4180: gcc -c -g  conftest.c >&5
configure:4180: $? = 0
configure:4221: result: yes
configure:4238: checking for gcc option to accept ISO C89
configure:4302: gcc  -c -g -O2  conftest.c >&5
configure:4302: $? = 0
configure:4315: result: none needed
configure:4337: checking dependency style of gcc
configure:4448: result: gcc3
configure:4463: checking for a sed that does not truncate output
configure:4527: result: /bin/sed
configure:4545: checking for grep that handles long lines and -e
configure:4603: result: /bin/grep
configure:4608: checking for egrep
configure:4670: result: /bin/grep -E
configure:4675: checking for fgrep
configure:4737: result: /bin/grep -F
configure:4772: checking for ld used by gcc
configure:4839: result: /usr/bin/ld
configure:4846: checking if the linker (/usr/bin/ld) is GNU ld
configure:4861: result: yes
configure:4873: checking for BSD- or MS-compatible name lister (nm)
configure:4922: result: /usr/bin/nm -B
configure:5052: checking the name lister (/usr/bin/nm -B) interface
configure:5059: gcc -c -g -O2  conftest.c >&5
configure:5062: /usr/bin/nm -B "conftest.o"
configure:5065: output
0000000000000000 B some_variable
configure:5072: result: BSD nm
configure:5075: checking whether ln -s works
configure:5079: result: yes
configure:5087: checking the maximum length of command line arguments
configure:5212: result: 1572864
configure:5229: checking whether the shell understands some XSI constructs
configure:5239: result: yes
configure:5243: checking whether the shell understands "+="
configure:5249: result: yes
configure:5284: checking how to convert x86_64-unknown-linux-gnu file names to x86_64-unknown-linux-gnu format
configure:5324: result: func_convert_file_noop
configure:5331: checking how to convert x86_64-unknown-linux-gnu file names to toolchain format
configure:5351: result: func_convert_file_noop
configure:5358: checking for /usr/bin/ld option to reload object files
configure:5365: result: -r
configure:5439: checking for objdump
configure:5455: found /usr/bin/objdump
configure:5466: result: objdump
configure:5498: checking how to recognize dependent libraries
configure:5700: result: pass_all
configure:5785: checking for dlltool
configure:5815: result: no
configure:5845: checking how to associate runtime and link libraries
configure:5872: result: printf %s\n
configure:5933: checking for ar
configure:5949: found /usr/bin/ar
configure:5960: result: ar
configure:5997: checking for archiver @FILE support
configure:6014: gcc -c -g -O2  conftest.c >&5
configure:6014: $? = 0
configure:6017: ar cru libconftest.a @conftest.lst >&5
configure:6020: $? = 0
configure:6025: ar cru libconftest.a @conftest.lst >&5
ar: conftest.o: No such file or directory
configure:6028: $? = 1
configure:6040: result: @
configure:6098: checking for strip
configure:6114: found /usr/bin/strip
configure:6125: result: strip
configure:6197: checking for ranlib
configure:6213: found /usr/bin/ranlib
configure:6224: result: ranlib
configure:6326: checking command to parse /usr/bin/nm -B output from gcc object
configure:6445: gcc -c -g -O2  conftest.c >&5
configure:6448: $? = 0
configure:6452: /usr/bin/nm -B conftest.o \| sed -n -e 's/^.*[ ]\([ABCDGIRSTW][ABCDGIRSTW]*\)[ ][ ]*\([_A-Za-z][_A-Za-z0-9]*\)$/\1 \2 \2/p' | sed '/ __gnu_lto/d' \> conftest.nm
configure:6455: $? = 0
configure:6521: gcc -o conftest -g -O2   conftest.c conftstm.o >&5
configure:6524: $? = 0
configure:6562: result: ok
configure:6599: checking for sysroot
configure:6629: result: no
configure:6706: gcc -c -g -O2  conftest.c >&5
configure:6709: $? = 0
configure:6872: checking for mt
configure:6888: found /bin/mt
configure:6899: result: mt
configure:6922: checking if mt is a manifest tool
configure:6928: mt '-?'
configure:6936: result: no
configure:7568: checking how to run the C preprocessor
configure:7599: gcc -E  conftest.c
configure:7599: $? = 0
configure:7613: gcc -E  conftest.c
conftest.c:11:28: fatal error: ac_nonexistent.h: No such file or directory
 #include <ac_nonexistent.h>
                            ^
compilation terminated.
configure:7613: $? = 1
configure: failed program was:
| /* confdefs.h */
| #define PACKAGE_NAME "xapian-core"
| #define PACKAGE_TARNAME "xapian-core"
| #define PACKAGE_VERSION "1.2.17"
| #define PACKAGE_STRING "xapian-core 1.2.17"
| #define PACKAGE_BUGREPORT "http://xapian.org/bugs"
| #define PACKAGE_URL ""
| #define PACKAGE "xapian-core"
| #define VERSION "1.2.17"
| /* end confdefs.h.  */
| #include <ac_nonexistent.h>
configure:7638: result: gcc -E
configure:7658: gcc -E  conftest.c
configure:7658: $? = 0
configure:7672: gcc -E  conftest.c
conftest.c:11:28: fatal error: ac_nonexistent.h: No such file or directory
 #include <ac_nonexistent.h>
                            ^
compilation terminated.
configure:7672: $? = 1
configure: failed program was:
| /* confdefs.h */
| #define PACKAGE_NAME "xapian-core"
| #define PACKAGE_TARNAME "xapian-core"
| #define PACKAGE_VERSION "1.2.17"
| #define PACKAGE_STRING "xapian-core 1.2.17"
| #define PACKAGE_BUGREPORT "http://xapian.org/bugs"
| #define PACKAGE_URL ""
| #define PACKAGE "xapian-core"
| #define VERSION "1.2.17"
| /* end confdefs.h.  */
| #include <ac_nonexistent.h>
configure:7701: checking for ANSI C header files
configure:7721: gcc -c -g -O2  conftest.c >&5
configure:7721: $? = 0
configure:7794: gcc -o conftest -g -O2   conftest.c  >&5
configure:7794: $? = 0
configure:7794: ./conftest
configure:7794: $? = 0
configure:7805: result: yes
configure:7818: checking for sys/types.h
configure:7818: gcc -c -g -O2  conftest.c >&5
configure:7818: $? = 0
configure:7818: result: yes
configure:7818: checking for sys/stat.h
configure:7818: gcc -c -g -O2  conftest.c >&5
configure:7818: $? = 0
configure:7818: result: yes
configure:7818: checking for stdlib.h
configure:7818: gcc -c -g -O2  conftest.c >&5
configure:7818: $? = 0
configure:7818: result: yes
configure:7818: checking for string.h
configure:7818: gcc -c -g -O2  conftest.c >&5
configure:7818: $? = 0
configure:7818: result: yes
configure:7818: checking for memory.h
configure:7818: gcc -c -g -O2  conftest.c >&5
configure:7818: $? = 0
configure:7818: result: yes
configure:7818: checking for strings.h
configure:7818: gcc -c -g -O2  conftest.c >&5
configure:7818: $? = 0
configure:7818: result: yes
configure:7818: checking for inttypes.h
configure:7818: gcc -c -g -O2  conftest.c >&5
configure:7818: $? = 0
configure:7818: result: yes
configure:7818: checking for stdint.h
configure:7818: gcc -c -g -O2  conftest.c >&5
configure:7818: $? = 0
configure:7818: result: yes
configure:7818: checking for unistd.h
configure:7818: gcc -c -g -O2  conftest.c >&5
configure:7818: $? = 0
configure:7818: result: yes
configure:7832: checking for dlfcn.h
configure:7832: gcc -c -g -O2  conftest.c >&5
configure:7832: $? = 0
configure:7832: result: yes
configure:8019: checking for objdir
configure:8034: result: .libs
configure:8305: checking if gcc supports -fno-rtti -fno-exceptions
configure:8323: gcc -c -g -O2  -fno-rtti -fno-exceptions conftest.c >&5
cc1: warning: command line option '-fno-rtti' is valid for C++/ObjC++ but not for C [enabled by default]
configure:8327: $? = 0
configure:8340: result: no
configure:8650: checking for gcc option to produce PIC
configure:8657: result: -fPIC -DPIC
configure:8665: checking if gcc PIC flag -fPIC -DPIC works
configure:8683: gcc -c -g -O2  -fPIC -DPIC -DPIC conftest.c >&5
configure:8687: $? = 0
configure:8700: result: yes
configure:8729: checking if gcc static flag -static works
configure:8757: result: yes
configure:8772: checking if gcc supports -c -o file.o
configure:8793: gcc -c -g -O2  -o out/conftest2.o conftest.c >&5
configure:8797: $? = 0
configure:8819: result: yes
configure:8827: checking if gcc supports -c -o file.o
configure:8874: result: yes
configure:8907: checking whether the gcc linker (/usr/bin/ld -m elf_x86_64) supports shared libraries
configure:10065: result: yes
configure:10102: checking whether -lc should be explicitly linked in
configure:10110: gcc -c -g -O2  conftest.c >&5
configure:10113: $? = 0
configure:10128: gcc -shared  -fPIC -DPIC conftest.o  -v -Wl,-soname -Wl,conftest -o conftest 2\>\&1 \| /bin/grep  -lc  \>/dev/null 2\>\&1
configure:10131: $? = 0
configure:10145: result: no
configure:10310: checking dynamic linker characteristics
configure:10824: gcc -o conftest -g -O2   -Wl,-rpath -Wl,/foo conftest.c  >&5
configure:10824: $? = 0
configure:11046: result: GNU/Linux ld.so
configure:11153: checking how to hardcode library paths into programs
configure:11178: result: immediate
configure:11718: checking whether stripping libraries is possible
configure:11723: result: yes
configure:11758: checking if libtool supports shared libraries
configure:11760: result: yes
configure:11763: checking whether to build shared libraries
configure:11784: result: yes
configure:11787: checking whether to build static libraries
configure:11791: result: yes
configure:11848: checking whether to enable maintainer-specific portions of Makefiles
configure:11857: result: no
configure:11929: checking for g++
configure:11945: found /usr/bin/g++
configure:11956: result: g++
configure:11983: checking for C++ compiler version
configure:11992: g++ --version >&5
g++ (Ubuntu/Linaro 4.8.1-10ubuntu9) 4.8.1
Copyright (C) 2013 Free Software Foundation, Inc.
This is free software; see the source for copying conditions.  There is NO
warranty; not even for MERCHANTABILITY or FITNESS FOR A PARTICULAR PURPOSE.

configure:12003: $? = 0
configure:11992: g++ -v >&5
Using built-in specs.
COLLECT_GCC=g++
COLLECT_LTO_WRAPPER=/usr/lib/gcc/x86_64-linux-gnu/4.8/lto-wrapper
Target: x86_64-linux-gnu
Configured with: ../src/configure -v --with-pkgversion='Ubuntu/Linaro 4.8.1-10ubuntu9' --with-bugurl=file:///usr/share/doc/gcc-4.8/README.Bugs --enable-languages=c,c++,java,go,d,fortran,objc,obj-c++ --prefix=/usr --program-suffix=-4.8 --enable-shared --enable-linker-build-id --libexecdir=/usr/lib --without-included-gettext --enable-threads=posix --with-gxx-include-dir=/usr/include/c++/4.8 --libdir=/usr/lib --enable-nls --with-sysroot=/ --enable-clocale=gnu --enable-libstdcxx-debug --enable-libstdcxx-time=yes --enable-gnu-unique-object --enable-plugin --with-system-zlib --disable-browser-plugin --enable-java-awt=gtk --enable-gtk-cairo --with-java-home=/usr/lib/jvm/java-1.5.0-gcj-4.8-amd64/jre --enable-java-home --with-jvm-root-dir=/usr/lib/jvm/java-1.5.0-gcj-4.8-amd64 --with-jvm-jar-dir=/usr/lib/jvm-exports/java-1.5.0-gcj-4.8-amd64 --with-arch-directory=amd64 --with-ecj-jar=/usr/share/java/eclipse-ecj.jar --enable-objc-gc --enable-multiarch --disable-werror --with-arch-32=i686 --with-abi=m64 --with-multilib-list=m32,m64,mx32 --with-tune=generic --enable-checking=release --build=x86_64-linux-gnu --host=x86_64-linux-gnu --target=x86_64-linux-gnu
Thread model: posix
gcc version 4.8.1 (Ubuntu/Linaro 4.8.1-10ubuntu9) 
configure:12003: $? = 0
configure:11992: g++ -V >&5
g++: error: unrecognized command line option '-V'
g++: fatal error: no input files
compilation terminated.
configure:12003: $? = 4
configure:11992: g++ -qversion >&5
g++: error: unrecognized command line option '-qversion'
g++: fatal error: no input files
compilation terminated.
configure:12003: $? = 4
configure:12007: checking whether we are using the GNU C++ compiler
configure:12026: g++ -c   conftest.cpp >&5
configure:12026: $? = 0
configure:12035: result: yes
configure:12044: checking whether g++ accepts -g
configure:12064: g++ -c -g  conftest.cpp >&5
configure:12064: $? = 0
configure:12105: result: yes
configure:12130: checking dependency style of g++
configure:12241: result: gcc3
configure:12274: checking how to run the C++ preprocessor
configure:12301: g++ -E  conftest.cpp
configure:12301: $? = 0
configure:12315: g++ -E  conftest.cpp
conftest.cpp:23:28: fatal error: ac_nonexistent.h: No such file or directory
 #include <ac_nonexistent.h>
                            ^
compilation terminated.
configure:12315: $? = 1
configure: failed program was:
| /* confdefs.h */
| #define PACKAGE_NAME "xapian-core"
| #define PACKAGE_TARNAME "xapian-core"
| #define PACKAGE_VERSION "1.2.17"
| #define PACKAGE_STRING "xapian-core 1.2.17"
| #define PACKAGE_BUGREPORT "http://xapian.org/bugs"
| #define PACKAGE_URL ""
| #define PACKAGE "xapian-core"
| #define VERSION "1.2.17"
| #define STDC_HEADERS 1
| #define HAVE_SYS_TYPES_H 1
| #define HAVE_SYS_STAT_H 1
| #define HAVE_STDLIB_H 1
| #define HAVE_STRING_H 1
| #define HAVE_MEMORY_H 1
| #define HAVE_STRINGS_H 1
| #define HAVE_INTTYPES_H 1
| #define HAVE_STDINT_H 1
| #define HAVE_UNISTD_H 1
| #define HAVE_DLFCN_H 1
| #define LT_OBJDIR ".libs/"
| /* end confdefs.h.  */
| #include <ac_nonexistent.h>
configure:12340: result: g++ -E
configure:12360: g++ -E  conftest.cpp
configure:12360: $? = 0
configure:12374: g++ -E  conftest.cpp
conftest.cpp:23:28: fatal error: ac_nonexistent.h: No such file or directory
 #include <ac_nonexistent.h>
                            ^
compilation terminated.
configure:12374: $? = 1
configure: failed program was:
| /* confdefs.h */
| #define PACKAGE_NAME "xapian-core"
| #define PACKAGE_TARNAME "xapian-core"
| #define PACKAGE_VERSION "1.2.17"
| #define PACKAGE_STRING "xapian-core 1.2.17"
| #define PACKAGE_BUGREPORT "http://xapian.org/bugs"
| #define PACKAGE_URL ""
| #define PACKAGE "xapian-core"
| #define VERSION "1.2.17"
| #define STDC_HEADERS 1
| #define HAVE_SYS_TYPES_H 1
| #define HAVE_SYS_STAT_H 1
| #define HAVE_STDLIB_H 1
| #define HAVE_STRING_H 1
| #define HAVE_MEMORY_H 1
| #define HAVE_STRINGS_H 1
| #define HAVE_INTTYPES_H 1
| #define HAVE_STDINT_H 1
| #define HAVE_UNISTD_H 1
| #define HAVE_DLFCN_H 1
| #define LT_OBJDIR ".libs/"
| /* end confdefs.h.  */
| #include <ac_nonexistent.h>
configure:12544: checking for ld used by g++
configure:12611: result: /usr/bin/ld -m elf_x86_64
configure:12618: checking if the linker (/usr/bin/ld -m elf_x86_64) is GNU ld
configure:12633: result: yes
configure:12688: checking whether the g++ linker (/usr/bin/ld -m elf_x86_64) supports shared libraries
configure:13692: result: yes
configure:13727: g++ -c -g -O2  conftest.cpp >&5
configure:13730: $? = 0
configure:14250: checking for g++ option to produce PIC
configure:14257: result: -fPIC -DPIC
configure:14265: checking if g++ PIC flag -fPIC -DPIC works
configure:14283: g++ -c -g -O2  -fPIC -DPIC -DPIC conftest.cpp >&5
configure:14287: $? = 0
configure:14300: result: yes
configure:14323: checking if g++ static flag -static works
configure:14351: result: yes
configure:14363: checking if g++ supports -c -o file.o
configure:14384: g++ -c -g -O2  -o out/conftest2.o conftest.cpp >&5
configure:14388: $? = 0
configure:14410: result: yes
configure:14415: checking if g++ supports -c -o file.o
configure:14462: result: yes
configure:14492: checking whether the g++ linker (/usr/bin/ld -m elf_x86_64) supports shared libraries
configure:14526: result: yes
configure:14669: checking dynamic linker characteristics
configure:15339: result: GNU/Linux ld.so
configure:15392: checking how to hardcode library paths into programs
configure:15417: result: immediate
/sbin/ldconfig.real: Can't stat /lib/i686-linux-gnu: No such file or directory
/sbin/ldconfig.real: Can't stat /usr/lib/i686-linux-gnu: No such file or directory
/sbin/ldconfig.real: Path `/lib/x86_64-linux-gnu' given more than once
/sbin/ldconfig.real: Path `/usr/lib/x86_64-linux-gnu' given more than once
configure:15487: checking whether g++ is a working C++ compiler
configure:15517: g++ -o conftest -g -O2   conftest.cpp  >&5
configure:15517: $? = 0
configure:15517: ./conftest
configure:15517: $? = 0
configure:15529: result: yes
configure:15605: checking for gcc
configure:15632: result: gcc
configure:15861: checking for C compiler version
configure:15870: gcc --version >&5
gcc (Ubuntu/Linaro 4.8.1-10ubuntu9) 4.8.1
Copyright (C) 2013 Free Software Foundation, Inc.
This is free software; see the source for copying conditions.  There is NO
warranty; not even for MERCHANTABILITY or FITNESS FOR A PARTICULAR PURPOSE.

configure:15881: $? = 0
configure:15870: gcc -v >&5
Using built-in specs.
COLLECT_GCC=gcc
COLLECT_LTO_WRAPPER=/usr/lib/gcc/x86_64-linux-gnu/4.8/lto-wrapper
Target: x86_64-linux-gnu
Configured with: ../src/configure -v --with-pkgversion='Ubuntu/Linaro 4.8.1-10ubuntu9' --with-bugurl=file:///usr/share/doc/gcc-4.8/README.Bugs --enable-languages=c,c++,java,go,d,fortran,objc,obj-c++ --prefix=/usr --program-suffix=-4.8 --enable-shared --enable-linker-build-id --libexecdir=/usr/lib --without-included-gettext --enable-threads=posix --with-gxx-include-dir=/usr/include/c++/4.8 --libdir=/usr/lib --enable-nls --with-sysroot=/ --enable-clocale=gnu --enable-libstdcxx-debug --enable-libstdcxx-time=yes --enable-gnu-unique-object --enable-plugin --with-system-zlib --disable-browser-plugin --enable-java-awt=gtk --enable-gtk-cairo --with-java-home=/usr/lib/jvm/java-1.5.0-gcj-4.8-amd64/jre --enable-java-home --with-jvm-root-dir=/usr/lib/jvm/java-1.5.0-gcj-4.8-amd64 --with-jvm-jar-dir=/usr/lib/jvm-exports/java-1.5.0-gcj-4.8-amd64 --with-arch-directory=amd64 --with-ecj-jar=/usr/share/java/eclipse-ecj.jar --enable-objc-gc --enable-multiarch --disable-werror --with-arch-32=i686 --with-abi=m64 --with-multilib-list=m32,m64,mx32 --with-tune=generic --enable-checking=release --build=x86_64-linux-gnu --host=x86_64-linux-gnu --target=x86_64-linux-gnu
Thread model: posix
gcc version 4.8.1 (Ubuntu/Linaro 4.8.1-10ubuntu9) 
configure:15881: $? = 0
configure:15870: gcc -V >&5
gcc: error: unrecognized command line option '-V'
gcc: fatal error: no input files
compilation terminated.
configure:15881: $? = 4
configure:15870: gcc -qversion >&5
gcc: error: unrecognized command line option '-qversion'
gcc: fatal error: no input files
compilation terminated.
configure:15881: $? = 4
configure:15885: checking whether we are using the GNU C compiler
configure:15913: result: yes
configure:15922: checking whether gcc accepts -g
configure:15983: result: yes
configure:16000: checking for gcc option to accept ISO C89
configure:16077: result: none needed
configure:16099: checking dependency style of gcc
configure:16210: result: gcc3
configure:16287: checking for g++ options to enable ANSI C++ mode
configure:16291: result: none required
configure:16409: checking if -lm is required for maths functions
configure:16431: g++ -o conftest -g -O2   conftest.cpp  >&5
configure:16431: $? = 0
configure:16432: result: no
configure:16467: checking if RTTI is supported
configure:16480: g++ -c -g -O2  conftest.cpp >&5
configure:16480: $? = 0
configure:16481: result: yes
configure:16495: checking for gettimeofday
configure:16495: g++ -o conftest -g -O2   conftest.cpp  >&5
configure:16495: $? = 0
configure:16495: result: yes
configure:16495: checking for ftime
configure:16495: g++ -o conftest -g -O2   conftest.cpp  >&5
configure:16495: $? = 0
configure:16495: result: yes
configure:16516: checking for srandom
configure:16516: g++ -o conftest -g -O2   conftest.cpp  >&5
configure:16516: $? = 0
configure:16516: result: yes
configure:16516: checking for random
configure:16516: g++ -o conftest -g -O2   conftest.cpp  >&5
configure:16516: $? = 0
configure:16516: result: yes
configure:16528: checking for sigaction
configure:16528: g++ -o conftest -g -O2   conftest.cpp  >&5
configure:16528: $? = 0
configure:16528: result: yes
configure:16537: checking for sigsetjmp and siglongjmp
configure:16550: g++ -c -g -O2  conftest.cpp >&5
configure:16550: $? = 0
configure:16554: result: yes
configure:16565: checking for getrusage
configure:16565: g++ -o conftest -g -O2   conftest.cpp  >&5
configure:16565: $? = 0
configure:16565: result: yes
configure:16565: checking for times
configure:16565: g++ -o conftest -g -O2   conftest.cpp  >&5
configure:16565: $? = 0
configure:16565: result: yes
configure:16565: checking for sysconf
configure:16565: g++ -o conftest -g -O2   conftest.cpp  >&5
configure:16565: $? = 0
configure:16565: result: yes
configure:16578: checking for setenv
configure:16578: g++ -o conftest -g -O2   conftest.cpp  >&5
configure:16578: $? = 0
configure:16578: result: yes
configure:16578: checking for _putenv_s
configure:16578: g++ -o conftest -g -O2   conftest.cpp  >&5
/tmp/cczY7aBg.o: In function `main':
/home/stephen/Workspace/Rare/NamingZebras/Zebra/xapian-core-1.2.17/conftest.cpp:68: undefined reference to `_putenv_s'
collect2: error: ld returned 1 exit status
configure:16578: $? = 1
configure: failed program was:
| /* confdefs.h */
| #define PACKAGE_NAME "xapian-core"
| #define PACKAGE_TARNAME "xapian-core"
| #define PACKAGE_VERSION "1.2.17"
| #define PACKAGE_STRING "xapian-core 1.2.17"
| #define PACKAGE_BUGREPORT "http://xapian.org/bugs"
| #define PACKAGE_URL ""
| #define PACKAGE "xapian-core"
| #define VERSION "1.2.17"
| #define STDC_HEADERS 1
| #define HAVE_SYS_TYPES_H 1
| #define HAVE_SYS_STAT_H 1
| #define HAVE_STDLIB_H 1
| #define HAVE_STRING_H 1
| #define HAVE_MEMORY_H 1
| #define HAVE_STRINGS_H 1
| #define HAVE_INTTYPES_H 1
| #define HAVE_STDINT_H 1
| #define HAVE_UNISTD_H 1
| #define HAVE_DLFCN_H 1
| #define LT_OBJDIR ".libs/"
| #define USE_RTTI 1
| #define HAVE_GETTIMEOFDAY 1
| #define HAVE_FTIME 1
| #define HAVE_SRANDOM 1
| #define HAVE_RANDOM 1
| #define HAVE_SIGACTION 1
| #define HAVE_SIGSETJMP 1
| #define HAVE_GETRUSAGE 1
| #define HAVE_TIMES 1
| #define HAVE_SYSCONF 1
| #define HAVE_SETENV 1
| /* end confdefs.h.  */
| /* Define _putenv_s to an innocuous variant, in case <limits.h> declares _putenv_s.
|    For example, HP-UX 11i <limits.h> declares gettimeofday.  */
| #define _putenv_s innocuous__putenv_s
| 
| /* System header to define __stub macros and hopefully few prototypes,
|     which can conflict with char _putenv_s (); below.
|     Prefer <limits.h> to <assert.h> if __STDC__ is defined, since
|     <limits.h> exists even on freestanding compilers.  */
| 
| #ifdef __STDC__
| # include <limits.h>
| #else
| # include <assert.h>
| #endif
| 
| #undef _putenv_s
| 
| /* Override any GCC internal prototype to avoid an error.
|    Use char because int might match the return type of a GCC
|    builtin and then its argument prototype would still apply.  */
| #ifdef __cplusplus
| extern "C"
| #endif
| char _putenv_s ();
| /* The GNU C library defines this for functions which it implements
|     to always fail with ENOSYS.  Some functions are actually named
|     something starting with __ and the normal name is an alias.  */
| #if defined __stub__putenv_s || defined __stub____putenv_s
| choke me
| #endif
| 
| int
| main ()
| {
| return _putenv_s ();
|   ;
|   return 0;
| }
configure:16578: result: no
configure:16591: checking for closefrom
configure:16591: g++ -o conftest -g -O2   conftest.cpp  >&5
/tmp/cchj6mAl.o: In function `main':
/home/stephen/Workspace/Rare/NamingZebras/Zebra/xapian-core-1.2.17/conftest.cpp:68: undefined reference to `closefrom'
collect2: error: ld returned 1 exit status
configure:16591: $? = 1
configure: failed program was:
| /* confdefs.h */
| #define PACKAGE_NAME "xapian-core"
| #define PACKAGE_TARNAME "xapian-core"
| #define PACKAGE_VERSION "1.2.17"
| #define PACKAGE_STRING "xapian-core 1.2.17"
| #define PACKAGE_BUGREPORT "http://xapian.org/bugs"
| #define PACKAGE_URL ""
| #define PACKAGE "xapian-core"
| #define VERSION "1.2.17"
| #define STDC_HEADERS 1
| #define HAVE_SYS_TYPES_H 1
| #define HAVE_SYS_STAT_H 1
| #define HAVE_STDLIB_H 1
| #define HAVE_STRING_H 1
| #define HAVE_MEMORY_H 1
| #define HAVE_STRINGS_H 1
| #define HAVE_INTTYPES_H 1
| #define HAVE_STDINT_H 1
| #define HAVE_UNISTD_H 1
| #define HAVE_DLFCN_H 1
| #define LT_OBJDIR ".libs/"
| #define USE_RTTI 1
| #define HAVE_GETTIMEOFDAY 1
| #define HAVE_FTIME 1
| #define HAVE_SRANDOM 1
| #define HAVE_RANDOM 1
| #define HAVE_SIGACTION 1
| #define HAVE_SIGSETJMP 1
| #define HAVE_GETRUSAGE 1
| #define HAVE_TIMES 1
| #define HAVE_SYSCONF 1
| #define HAVE_SETENV 1
| /* end confdefs.h.  */
| /* Define closefrom to an innocuous variant, in case <limits.h> declares closefrom.
|    For example, HP-UX 11i <limits.h> declares gettimeofday.  */
| #define closefrom innocuous_closefrom
| 
| /* System header to define __stub macros and hopefully few prototypes,
|     which can conflict with char closefrom (); below.
|     Prefer <limits.h> to <assert.h> if __STDC__ is defined, since
|     <limits.h> exists even on freestanding compilers.  */
| 
| #ifdef __STDC__
| # include <limits.h>
| #else
| # include <assert.h>
| #endif
| 
| #undef closefrom
| 
| /* Override any GCC internal prototype to avoid an error.
|    Use char because int might match the return type of a GCC
|    builtin and then its argument prototype would still apply.  */
| #ifdef __cplusplus
| extern "C"
| #endif
| char closefrom ();
| /* The GNU C library defines this for functions which it implements
|     to always fail with ENOSYS.  Some functions are actually named
|     something starting with __ and the normal name is an alias.  */
| #if defined __stub_closefrom || defined __stub___closefrom
| choke me
| #endif
| 
| int
| main ()
| {
| return closefrom ();
|   ;
|   return 0;
| }
configure:16591: result: no
configure:16591: checking for dirfd
configure:16591: g++ -o conftest -g -O2   conftest.cpp  >&5
configure:16591: $? = 0
configure:16591: result: yes
configure:16591: checking for getrlimit
configure:16591: g++ -o conftest -g -O2   conftest.cpp  >&5
configure:16591: $? = 0
configure:16591: result: yes
configure:16601: checking return type of ftime
configure:16615: g++ -c -g -O2  conftest.cpp >&5
configure:16615: $? = 0
configure:16616: result: int
configure:16630: checking for sys/utsname.h
configure:16630: g++ -c -g -O2  conftest.cpp >&5
configure:16630: $? = 0
configure:16630: result: yes
configure:16643: checking for gethostname
configure:16643: g++ -o conftest -g -O2   conftest.cpp  >&5
configure:16643: $? = 0
configure:16643: result: yes
configure:16653: checking for ssize_t
configure:16653: g++ -c -g -O2  conftest.cpp >&5
configure:16653: $? = 0
configure:16653: g++ -c -g -O2  conftest.cpp >&5
conftest.cpp: In function 'int main()':
conftest.cpp:74:21: error: expected primary-expression before ')' token
 if (sizeof ((ssize_t)))
                     ^
configure:16653: $? = 1
configure: failed program was:
| /* confdefs.h */
| #define PACKAGE_NAME "xapian-core"
| #define PACKAGE_TARNAME "xapian-core"
| #define PACKAGE_VERSION "1.2.17"
| #define PACKAGE_STRING "xapian-core 1.2.17"
| #define PACKAGE_BUGREPORT "http://xapian.org/bugs"
| #define PACKAGE_URL ""
| #define PACKAGE "xapian-core"
| #define VERSION "1.2.17"
| #define STDC_HEADERS 1
| #define HAVE_SYS_TYPES_H 1
| #define HAVE_SYS_STAT_H 1
| #define HAVE_STDLIB_H 1
| #define HAVE_STRING_H 1
| #define HAVE_MEMORY_H 1
| #define HAVE_STRINGS_H 1
| #define HAVE_INTTYPES_H 1
| #define HAVE_STDINT_H 1
| #define HAVE_UNISTD_H 1
| #define HAVE_DLFCN_H 1
| #define LT_OBJDIR ".libs/"
| #define USE_RTTI 1
| #define HAVE_GETTIMEOFDAY 1
| #define HAVE_FTIME 1
| #define HAVE_SRANDOM 1
| #define HAVE_RANDOM 1
| #define HAVE_SIGACTION 1
| #define HAVE_SIGSETJMP 1
| #define HAVE_GETRUSAGE 1
| #define HAVE_TIMES 1
| #define HAVE_SYSCONF 1
| #define HAVE_SETENV 1
| #define HAVE_DIRFD 1
| #define HAVE_GETRLIMIT 1
| #define HAVE_SYS_UTSNAME_H 1
| #define HAVE_GETHOSTNAME 1
| /* end confdefs.h.  */
| #include <stdio.h>
| #ifdef HAVE_SYS_TYPES_H
| # include <sys/types.h>
| #endif
| #ifdef HAVE_SYS_STAT_H
| # include <sys/stat.h>
| #endif
| #ifdef STDC_HEADERS
| # include <stdlib.h>
| # include <stddef.h>
| #else
| # ifdef HAVE_STDLIB_H
| #  include <stdlib.h>
| # endif
| #endif
| #ifdef HAVE_STRING_H
| # if !defined STDC_HEADERS && defined HAVE_MEMORY_H
| #  include <memory.h>
| # endif
| # include <string.h>
| #endif
| #ifdef HAVE_STRINGS_H
| # include <strings.h>
| #endif
| #ifdef HAVE_INTTYPES_H
| # include <inttypes.h>
| #endif
| #ifdef HAVE_STDINT_H
| # include <stdint.h>
| #endif
| #ifdef HAVE_UNISTD_H
| # include <unistd.h>
| #endif
| int
| main ()
| {
| if (sizeof ((ssize_t)))
| 	    return 0;
|   ;
|   return 0;
| }
configure:16653: result: yes
configure:16665: checking for pid_t
configure:16665: g++ -c -g -O2  conftest.cpp >&5
configure:16665: $? = 0
configure:16665: g++ -c -g -O2  conftest.cpp >&5
conftest.cpp: In function 'int main()':
conftest.cpp:74:19: error: expected primary-expression before ')' token
 if (sizeof ((pid_t)))
                   ^
configure:16665: $? = 1
configure: failed program was:
| /* confdefs.h */
| #define PACKAGE_NAME "xapian-core"
| #define PACKAGE_TARNAME "xapian-core"
| #define PACKAGE_VERSION "1.2.17"
| #define PACKAGE_STRING "xapian-core 1.2.17"
| #define PACKAGE_BUGREPORT "http://xapian.org/bugs"
| #define PACKAGE_URL ""
| #define PACKAGE "xapian-core"
| #define VERSION "1.2.17"
| #define STDC_HEADERS 1
| #define HAVE_SYS_TYPES_H 1
| #define HAVE_SYS_STAT_H 1
| #define HAVE_STDLIB_H 1
| #define HAVE_STRING_H 1
| #define HAVE_MEMORY_H 1
| #define HAVE_STRINGS_H 1
| #define HAVE_INTTYPES_H 1
| #define HAVE_STDINT_H 1
| #define HAVE_UNISTD_H 1
| #define HAVE_DLFCN_H 1
| #define LT_OBJDIR ".libs/"
| #define USE_RTTI 1
| #define HAVE_GETTIMEOFDAY 1
| #define HAVE_FTIME 1
| #define HAVE_SRANDOM 1
| #define HAVE_RANDOM 1
| #define HAVE_SIGACTION 1
| #define HAVE_SIGSETJMP 1
| #define HAVE_GETRUSAGE 1
| #define HAVE_TIMES 1
| #define HAVE_SYSCONF 1
| #define HAVE_SETENV 1
| #define HAVE_DIRFD 1
| #define HAVE_GETRLIMIT 1
| #define HAVE_SYS_UTSNAME_H 1
| #define HAVE_GETHOSTNAME 1
| /* end confdefs.h.  */
| #include <stdio.h>
| #ifdef HAVE_SYS_TYPES_H
| # include <sys/types.h>
| #endif
| #ifdef HAVE_SYS_STAT_H
| # include <sys/stat.h>
| #endif
| #ifdef STDC_HEADERS
| # include <stdlib.h>
| # include <stddef.h>
| #else
| # ifdef HAVE_STDLIB_H
| #  include <stdlib.h>
| # endif
| #endif
| #ifdef HAVE_STRING_H
| # if !defined STDC_HEADERS && defined HAVE_MEMORY_H
| #  include <memory.h>
| # endif
| # include <string.h>
| #endif
| #ifdef HAVE_STRINGS_H
| # include <strings.h>
| #endif
| #ifdef HAVE_INTTYPES_H
| # include <inttypes.h>
| #endif
| #ifdef HAVE_STDINT_H
| # include <stdint.h>
| #endif
| #ifdef HAVE_UNISTD_H
| # include <unistd.h>
| #endif
| int
| main ()
| {
| if (sizeof ((pid_t)))
| 	    return 0;
|   ;
|   return 0;
| }
configure:16665: result: yes
configure:16677: checking for mode_t
configure:16677: g++ -c -g -O2  conftest.cpp >&5
configure:16677: $? = 0
configure:16677: g++ -c -g -O2  conftest.cpp >&5
conftest.cpp: In function 'int main()':
conftest.cpp:74:20: error: expected primary-expression before ')' token
 if (sizeof ((mode_t)))
                    ^
configure:16677: $? = 1
configure: failed program was:
| /* confdefs.h */
| #define PACKAGE_NAME "xapian-core"
| #define PACKAGE_TARNAME "xapian-core"
| #define PACKAGE_VERSION "1.2.17"
| #define PACKAGE_STRING "xapian-core 1.2.17"
| #define PACKAGE_BUGREPORT "http://xapian.org/bugs"
| #define PACKAGE_URL ""
| #define PACKAGE "xapian-core"
| #define VERSION "1.2.17"
| #define STDC_HEADERS 1
| #define HAVE_SYS_TYPES_H 1
| #define HAVE_SYS_STAT_H 1
| #define HAVE_STDLIB_H 1
| #define HAVE_STRING_H 1
| #define HAVE_MEMORY_H 1
| #define HAVE_STRINGS_H 1
| #define HAVE_INTTYPES_H 1
| #define HAVE_STDINT_H 1
| #define HAVE_UNISTD_H 1
| #define HAVE_DLFCN_H 1
| #define LT_OBJDIR ".libs/"
| #define USE_RTTI 1
| #define HAVE_GETTIMEOFDAY 1
| #define HAVE_FTIME 1
| #define HAVE_SRANDOM 1
| #define HAVE_RANDOM 1
| #define HAVE_SIGACTION 1
| #define HAVE_SIGSETJMP 1
| #define HAVE_GETRUSAGE 1
| #define HAVE_TIMES 1
| #define HAVE_SYSCONF 1
| #define HAVE_SETENV 1
| #define HAVE_DIRFD 1
| #define HAVE_GETRLIMIT 1
| #define HAVE_SYS_UTSNAME_H 1
| #define HAVE_GETHOSTNAME 1
| /* end confdefs.h.  */
| #include <stdio.h>
| #ifdef HAVE_SYS_TYPES_H
| # include <sys/types.h>
| #endif
| #ifdef HAVE_SYS_STAT_H
| # include <sys/stat.h>
| #endif
| #ifdef STDC_HEADERS
| # include <stdlib.h>
| # include <stddef.h>
| #else
| # ifdef HAVE_STDLIB_H
| #  include <stdlib.h>
| # endif
| #endif
| #ifdef HAVE_STRING_H
| # if !defined STDC_HEADERS && defined HAVE_MEMORY_H
| #  include <memory.h>
| # endif
| # include <string.h>
| #endif
| #ifdef HAVE_STRINGS_H
| # include <strings.h>
| #endif
| #ifdef HAVE_INTTYPES_H
| # include <inttypes.h>
| #endif
| #ifdef HAVE_STDINT_H
| # include <stdint.h>
| #endif
| #ifdef HAVE_UNISTD_H
| # include <unistd.h>
| #endif
| int
| main ()
| {
| if (sizeof ((mode_t)))
| 	    return 0;
|   ;
|   return 0;
| }
configure:16677: result: yes
configure:16693: checking size of int
configure:16698: g++ -o conftest -g -O2   conftest.cpp  >&5
configure:16698: $? = 0
configure:16698: ./conftest
configure:16698: $? = 0
configure:16712: result: 4
configure:16726: checking size of long
configure:16731: g++ -o conftest -g -O2   conftest.cpp  >&5
configure:16731: $? = 0
configure:16731: ./conftest
configure:16731: $? = 0
configure:16745: result: 8
configure:16758: checking for perl
configure:16776: found /usr/bin/perl
configure:16788: result: /usr/bin/perl
configure:17097: checking for fcntl.h
configure:17097: g++ -c -g -O2  conftest.cpp >&5
configure:17097: $? = 0
configure:17097: result: yes
configure:17097: checking for limits.h
configure:17097: g++ -c -g -O2  conftest.cpp >&5
configure:17097: $? = 0
configure:17097: result: yes
configure:17097: checking for sys/errno.h
configure:17097: g++ -c -g -O2  conftest.cpp >&5
configure:17097: $? = 0
configure:17097: result: yes
configure:17097: checking for sys/select.h
configure:17097: g++ -c -g -O2  conftest.cpp >&5
configure:17097: $? = 0
configure:17097: result: yes
configure:17110: checking for sys/resource.h
configure:17110: g++ -c -g -O2  conftest.cpp >&5
configure:17110: $? = 0
configure:17110: result: yes
configure:17125: checking for valgrind
configure:17158: result: no
configure:17215: checking for eatmydata
configure:17248: result: no
configure:17255: checking for working memcmp
configure:17298: g++ -o conftest -g -O2   conftest.cpp  >&5
configure:17298: $? = 0
configure:17298: ./conftest
configure:17298: $? = 0
configure:17308: result: yes
configure:17320: checking for strerror
configure:17320: g++ -o conftest -g -O2   conftest.cpp  >&5
configure:17320: $? = 0
configure:17320: result: yes
configure:17320: checking for hstrerror
configure:17320: g++ -o conftest -g -O2   conftest.cpp  >&5
configure:17320: $? = 0
configure:17320: result: yes
configure:17330: checking for working ISO C90 conforming snprintf
configure:17364: g++ -o conftest -g -O2   conftest.cpp  >&5
configure:17364: $? = 0
configure:17364: ./conftest
configure:17364: $? = 0
configure:17379: result: snprintf
configure:17495: checking for zlib.h
configure:17495: g++ -c -g -O2  conftest.cpp >&5
configure:17495: $? = 0
configure:17495: result: yes
configure:17512: checking for library containing zlibVersion
configure:17543: g++ -o conftest -g -O2   conftest.cpp  >&5
/tmp/ccHVK3xj.o: In function `main':
/home/stephen/Workspace/Rare/NamingZebras/Zebra/xapian-core-1.2.17/conftest.cpp:61: undefined reference to `zlibVersion'
collect2: error: ld returned 1 exit status
configure:17543: $? = 1
configure: failed program was:
| /* confdefs.h */
| #define PACKAGE_NAME "xapian-core"
| #define PACKAGE_TARNAME "xapian-core"
| #define PACKAGE_VERSION "1.2.17"
| #define PACKAGE_STRING "xapian-core 1.2.17"
| #define PACKAGE_BUGREPORT "http://xapian.org/bugs"
| #define PACKAGE_URL ""
| #define PACKAGE "xapian-core"
| #define VERSION "1.2.17"
| #define STDC_HEADERS 1
| #define HAVE_SYS_TYPES_H 1
| #define HAVE_SYS_STAT_H 1
| #define HAVE_STDLIB_H 1
| #define HAVE_STRING_H 1
| #define HAVE_MEMORY_H 1
| #define HAVE_STRINGS_H 1
| #define HAVE_INTTYPES_H 1
| #define HAVE_STDINT_H 1
| #define HAVE_UNISTD_H 1
| #define HAVE_DLFCN_H 1
| #define LT_OBJDIR ".libs/"
| #define USE_RTTI 1
| #define HAVE_GETTIMEOFDAY 1
| #define HAVE_FTIME 1
| #define HAVE_SRANDOM 1
| #define HAVE_RANDOM 1
| #define HAVE_SIGACTION 1
| #define HAVE_SIGSETJMP 1
| #define HAVE_GETRUSAGE 1
| #define HAVE_TIMES 1
| #define HAVE_SYSCONF 1
| #define HAVE_SETENV 1
| #define HAVE_DIRFD 1
| #define HAVE_GETRLIMIT 1
| #define HAVE_SYS_UTSNAME_H 1
| #define HAVE_GETHOSTNAME 1
| #define SIZEOF_INT 4
| #define SIZEOF_LONG 8
| #define HAVE_FCNTL_H 1
| #define HAVE_LIMITS_H 1
| #define HAVE_SYS_ERRNO_H 1
| #define HAVE_SYS_SELECT_H 1
| #define HAVE_SYS_RESOURCE_H 1
| #define HAVE_STRERROR 1
| #define HAVE_HSTRERROR 1
| #define SNPRINTF_ISO snprintf
| #define SNPRINTF snprintf
| #define HAVE_ZLIB_H 1
| /* end confdefs.h.  */
| 
| /* Override any GCC internal prototype to avoid an error.
|    Use char because int might match the return type of a GCC
|    builtin and then its argument prototype would still apply.  */
| #ifdef __cplusplus
| extern "C"
| #endif
| char zlibVersion ();
| int
| main ()
| {
| return zlibVersion ();
|   ;
|   return 0;
| }
configure:17543: g++ -o conftest -g -O2   conftest.cpp -lz   >&5
configure:17543: $? = 0
configure:17560: result: -lz
configure:17584: checking for uuid/uuid.h
configure:17584: g++ -c -g -O2  conftest.cpp >&5
configure:17584: $? = 0
configure:17584: result: yes
configure:17592: checking for library containing uuid_generate
configure:17623: g++ -o conftest -g -O2   conftest.cpp  >&5
/tmp/ccO0KDBn.o: In function `main':
/home/stephen/Workspace/Rare/NamingZebras/Zebra/xapian-core-1.2.17/conftest.cpp:62: undefined reference to `uuid_generate'
collect2: error: ld returned 1 exit status
configure:17623: $? = 1
configure: failed program was:
| /* confdefs.h */
| #define PACKAGE_NAME "xapian-core"
| #define PACKAGE_TARNAME "xapian-core"
| #define PACKAGE_VERSION "1.2.17"
| #define PACKAGE_STRING "xapian-core 1.2.17"
| #define PACKAGE_BUGREPORT "http://xapian.org/bugs"
| #define PACKAGE_URL ""
| #define PACKAGE "xapian-core"
| #define VERSION "1.2.17"
| #define STDC_HEADERS 1
| #define HAVE_SYS_TYPES_H 1
| #define HAVE_SYS_STAT_H 1
| #define HAVE_STDLIB_H 1
| #define HAVE_STRING_H 1
| #define HAVE_MEMORY_H 1
| #define HAVE_STRINGS_H 1
| #define HAVE_INTTYPES_H 1
| #define HAVE_STDINT_H 1
| #define HAVE_UNISTD_H 1
| #define HAVE_DLFCN_H 1
| #define LT_OBJDIR ".libs/"
| #define USE_RTTI 1
| #define HAVE_GETTIMEOFDAY 1
| #define HAVE_FTIME 1
| #define HAVE_SRANDOM 1
| #define HAVE_RANDOM 1
| #define HAVE_SIGACTION 1
| #define HAVE_SIGSETJMP 1
| #define HAVE_GETRUSAGE 1
| #define HAVE_TIMES 1
| #define HAVE_SYSCONF 1
| #define HAVE_SETENV 1
| #define HAVE_DIRFD 1
| #define HAVE_GETRLIMIT 1
| #define HAVE_SYS_UTSNAME_H 1
| #define HAVE_GETHOSTNAME 1
| #define SIZEOF_INT 4
| #define SIZEOF_LONG 8
| #define HAVE_FCNTL_H 1
| #define HAVE_LIMITS_H 1
| #define HAVE_SYS_ERRNO_H 1
| #define HAVE_SYS_SELECT_H 1
| #define HAVE_SYS_RESOURCE_H 1
| #define HAVE_STRERROR 1
| #define HAVE_HSTRERROR 1
| #define SNPRINTF_ISO snprintf
| #define SNPRINTF snprintf
| #define HAVE_ZLIB_H 1
| #define HAVE_UUID_UUID_H 1
| /* end confdefs.h.  */
| 
| /* Override any GCC internal prototype to avoid an error.
|    Use char because int might match the return type of a GCC
|    builtin and then its argument prototype would still apply.  */
| #ifdef __cplusplus
| extern "C"
| #endif
| char uuid_generate ();
| int
| main ()
| {
| return uuid_generate ();
|   ;
|   return 0;
| }
configure:17623: g++ -o conftest -g -O2   conftest.cpp -luuid   >&5
configure:17623: $? = 0
configure:17640: result: -luuid
configure:17711: g++ -o conftest -g -O2   conftest.cpp -luuid  >&5
configure:17711: $? = 0
configure:17743: g++ -E  conftest.cpp
configure:17743: $? = 0
configure:17759: checking for fork
configure:17759: g++ -o conftest -g -O2   conftest.cpp  >&5
configure:17759: $? = 0
configure:17759: result: yes
configure:17772: checking for library containing socketpair
configure:17803: g++ -o conftest -g -O2   conftest.cpp  >&5
configure:17803: $? = 0
configure:17820: result: none required
configure:17834: checking for library containing gethostbyname
configure:17865: g++ -o conftest -g -O2   conftest.cpp  >&5
configure:17865: $? = 0
configure:17882: result: none required
configure:17893: checking for library containing gethostbyaddr
configure:17924: g++ -o conftest -g -O2   conftest.cpp  >&5
configure:17924: $? = 0
configure:17941: result: none required
configure:17963: checking for type to use for 5th parameter to getsockopt
configure:17991: g++ -c -g -O2  conftest.cpp >&5
configure:17991: $? = 0
configure:18007: result: socklen_t
configure:18123: checking for library containing fdatasync
configure:18154: g++ -o conftest -g -O2   conftest.cpp  >&5
configure:18154: $? = 0
configure:18171: result: none required
configure:18183: checking for fsync
configure:18183: g++ -o conftest -g -O2   conftest.cpp  >&5
configure:18183: $? = 0
configure:18183: result: yes
configure:18205: checking for pread
configure:18205: g++ -o conftest -g -O2   conftest.cpp  >&5
configure:18205: $? = 0
configure:18205: result: yes
configure:18210: checking for any prototype needed for pread
configure:18237: g++ -c -g -O2  conftest.cpp >&5
conftest.cpp: In function 'int main()':
conftest.cpp:67:23: warning: ignoring return value of 'ssize_t pread(int, void*, size_t, __off_t)', declared with attribute warn_unused_result [-Wunused-result]
   pread(1, b, 256, 20);
                       ^
configure:18237: $? = 0
configure:18254: result: none required
configure:18268: checking for pwrite
configure:18268: g++ -o conftest -g -O2   conftest.cpp  >&5
configure:18268: $? = 0
configure:18268: result: yes
configure:18273: checking for any prototype needed for pwrite
configure:18300: g++ -c -g -O2  conftest.cpp >&5
conftest.cpp: In function 'int main()':
conftest.cpp:68:22: warning: ignoring return value of 'ssize_t pwrite(int, const void*, size_t, __off_t)', declared with attribute warn_unused_result [-Wunused-result]
   pwrite(1, p, 5, 20);
                      ^
configure:18300: $? = 0
configure:18317: result: none required
configure:18336: checking for link
configure:18336: g++ -o conftest -g -O2   conftest.cpp  >&5
configure:18336: $? = 0
configure:18336: result: yes
configure:18396: checking for version of g++
configure:18399: result: GCC 4.8.1
configure:18447: checking if g++ -fvisibility=hidden works
configure:18450: result: yes
configure:18464: checking for g++ -Wl,-Bsymbolic-functions
/usr/bin/ld: /usr/lib/debug/usr/lib/x86_64-linux-gnu/crt1.o(.debug_info): relocation 0 has invalid symbol index 11
/usr/bin/ld: /usr/lib/debug/usr/lib/x86_64-linux-gnu/crt1.o(.debug_info): relocation 1 has invalid symbol index 12
/usr/bin/ld: /usr/lib/debug/usr/lib/x86_64-linux-gnu/crt1.o(.debug_info): relocation 2 has invalid symbol index 2
/usr/bin/ld: /usr/lib/debug/usr/lib/x86_64-linux-gnu/crt1.o(.debug_info): relocation 3 has invalid symbol index 2
/usr/bin/ld: /usr/lib/debug/usr/lib/x86_64-linux-gnu/crt1.o(.debug_info): relocation 4 has invalid symbol index 11
/usr/bin/ld: /usr/lib/debug/usr/lib/x86_64-linux-gnu/crt1.o(.debug_info): relocation 5 has invalid symbol index 13
/usr/bin/ld: /usr/lib/debug/usr/lib/x86_64-linux-gnu/crt1.o(.debug_info): relocation 6 has invalid symbol index 13
/usr/bin/ld: /usr/lib/debug/usr/lib/x86_64-linux-gnu/crt1.o(.debug_info): relocation 7 has invalid symbol index 13
/usr/bin/ld: /usr/lib/debug/usr/lib/x86_64-linux-gnu/crt1.o(.debug_info): relocation 8 has invalid symbol index 12
/usr/bin/ld: /usr/lib/debug/usr/lib/x86_64-linux-gnu/crt1.o(.debug_info): relocation 9 has invalid symbol index 13
/usr/bin/ld: /usr/lib/debug/usr/lib/x86_64-linux-gnu/crt1.o(.debug_info): relocation 10 has invalid symbol index 13
/usr/bin/ld: /usr/lib/debug/usr/lib/x86_64-linux-gnu/crt1.o(.debug_info): relocation 11 has invalid symbol index 13
/usr/bin/ld: /usr/lib/debug/usr/lib/x86_64-linux-gnu/crt1.o(.debug_info): relocation 12 has invalid symbol index 13
/usr/bin/ld: /usr/lib/debug/usr/lib/x86_64-linux-gnu/crt1.o(.debug_info): relocation 13 has invalid symbol index 13
/usr/bin/ld: /usr/lib/debug/usr/lib/x86_64-linux-gnu/crt1.o(.debug_info): relocation 14 has invalid symbol index 13
/usr/bin/ld: /usr/lib/debug/usr/lib/x86_64-linux-gnu/crt1.o(.debug_info): relocation 15 has invalid symbol index 13
/usr/bin/ld: /usr/lib/debug/usr/lib/x86_64-linux-gnu/crt1.o(.debug_info): relocation 16 has invalid symbol index 13
/usr/bin/ld: /usr/lib/debug/usr/lib/x86_64-linux-gnu/crt1.o(.debug_info): relocation 17 has invalid symbol index 13
/usr/bin/ld: /usr/lib/debug/usr/lib/x86_64-linux-gnu/crt1.o(.debug_info): relocation 18 has invalid symbol index 13
/usr/bin/ld: /usr/lib/debug/usr/lib/x86_64-linux-gnu/crt1.o(.debug_info): relocation 19 has invalid symbol index 21
/usr/bin/ld: /usr/lib/debug/usr/lib/x86_64-linux-gnu/crt1.o(.debug_line): relocation 0 has invalid symbol index 2
/usr/lib/gcc/x86_64-linux-gnu/4.8/../../../x86_64-linux-gnu/crt1.o: In function `_start':
(.text+0x20): undefined reference to `main'
collect2: error: ld returned 1 exit status
configure:18481: result: yes
configure:18486: checking whether to use SSE instructions on x86
configure:18524: result: non-x86 arch (x86_64)
configure:18542: checking for special C compiler options needed for large files
configure:18587: result: no
configure:18593: checking for _FILE_OFFSET_BITS value needed for large files
configure:18618: g++ -c -g -O2  conftest.cpp >&5
configure:18618: $? = 0
configure:18650: result: no
configure:18949: creating ./config.status

## ---------------------- ##
## Running config.status. ##
## ---------------------- ##

This file was extended by xapian-core config.status 1.2.17, which was
generated by GNU Autoconf 2.68.  Invocation command line was

  CONFIG_FILES    = 
  CONFIG_HEADERS  = 
  CONFIG_LINKS    = 
  CONFIG_COMMANDS = 
  $ ./config.status 

on Stephen-ThinkPad-T410

config.status:1255: creating Makefile
config.status:1255: creating tests/Makefile
config.status:1255: creating docs/Makefile
config.status:1255: creating docs/doxygen_api.conf
config.status:1255: creating docs/doxygen_source.conf
config.status:1255: creating xapian-core.spec
config.status:1255: creating cmake/xapian-config.cmake
config.status:1255: creating cmake/xapian-config-version.cmake
config.status:1255: creating tests/runtest
config.status:1255: creating tests/runsrv
config.status:1255: creating tests/submitperftest
config.status:1255: creating tests/perftest/get_machine_info
config.status:1255: creating xapian-config
config.status:1255: creating makemanpage
config.status:1255: creating docs/gen_codestructure_doc
config.status:1255: creating languages/generate-allsnowballheaders
config.status:1255: creating config.h
config.status:1484: executing depfiles commands
config.status:1484: executing libtool commands
configure:21517: g++ -c -g -O2  conftest.cpp >&5
configure:21517: $? = 0

## ---------------- ##
## Cache variables. ##
## ---------------- ##

ac_cv_build=x86_64-unknown-linux-gnu
ac_cv_c_compiler_gnu=yes
ac_cv_cxx_compiler_gnu=yes
ac_cv_env_CCC_set=
ac_cv_env_CCC_value=
ac_cv_env_CC_FOR_BUILD_set=
ac_cv_env_CC_FOR_BUILD_value=
ac_cv_env_CC_set=
ac_cv_env_CC_value=
ac_cv_env_CFLAGS_set=
ac_cv_env_CFLAGS_value=
ac_cv_env_CPPFLAGS_set=
ac_cv_env_CPPFLAGS_value=
ac_cv_env_CPP_set=
ac_cv_env_CPP_value=
ac_cv_env_CXXCPP_set=
ac_cv_env_CXXCPP_value=
ac_cv_env_CXXFLAGS_set=
ac_cv_env_CXXFLAGS_value=
ac_cv_env_CXX_set=
ac_cv_env_CXX_value=
ac_cv_env_LDFLAGS_set=
ac_cv_env_LDFLAGS_value=
ac_cv_env_LIBS_set=
ac_cv_env_LIBS_value=
ac_cv_env_build_alias_set=
ac_cv_env_build_alias_value=
ac_cv_env_host_alias_set=
ac_cv_env_host_alias_value=
ac_cv_env_target_alias_set=
ac_cv_env_target_alias_value=
ac_cv_func__putenv_s=no
ac_cv_func_closefrom=no
ac_cv_func_dirfd=yes
ac_cv_func_fork=yes
ac_cv_func_fsync=yes
ac_cv_func_ftime=yes
ac_cv_func_gethostname=yes
ac_cv_func_getrlimit=yes
ac_cv_func_getrusage=yes
ac_cv_func_gettimeofday=yes
ac_cv_func_hstrerror=yes
ac_cv_func_link=yes
ac_cv_func_memcmp_working=yes
ac_cv_func_pread=yes
ac_cv_func_pwrite=yes
ac_cv_func_random=yes
ac_cv_func_setenv=yes
ac_cv_func_sigaction=yes
ac_cv_func_snprintf=snprintf
ac_cv_func_snprintf_noniso=no
ac_cv_func_srandom=yes
ac_cv_func_strerror=yes
ac_cv_func_sysconf=yes
ac_cv_func_times=yes
ac_cv_header_dlfcn_h=yes
ac_cv_header_fcntl_h=yes
ac_cv_header_inttypes_h=yes
ac_cv_header_limits_h=yes
ac_cv_header_memory_h=yes
ac_cv_header_stdc=yes
ac_cv_header_stdint_h=yes
ac_cv_header_stdlib_h=yes
ac_cv_header_string_h=yes
ac_cv_header_strings_h=yes
ac_cv_header_sys_errno_h=yes
ac_cv_header_sys_resource_h=yes
ac_cv_header_sys_select_h=yes
ac_cv_header_sys_stat_h=yes
ac_cv_header_sys_types_h=yes
ac_cv_header_sys_utsname_h=yes
ac_cv_header_unistd_h=yes
ac_cv_header_uuid_uuid_h=yes
ac_cv_header_zlib_h=yes
ac_cv_host=x86_64-unknown-linux-gnu
ac_cv_objext=o
ac_cv_path_EGREP='/bin/grep -E'
ac_cv_path_FGREP='/bin/grep -F'
ac_cv_path_GREP=/bin/grep
ac_cv_path_PERL=/usr/bin/perl
ac_cv_path_SED=/bin/sed
ac_cv_path_install='/usr/bin/install -c'
ac_cv_path_mkdir=/bin/mkdir
ac_cv_prog_AWK=gawk
ac_cv_prog_CPP='gcc -E'
ac_cv_prog_CXXCPP='g++ -E'
ac_cv_prog_ac_ct_AR=ar
ac_cv_prog_ac_ct_CC=gcc
ac_cv_prog_ac_ct_CXX=g++
ac_cv_prog_ac_ct_MANIFEST_TOOL=mt
ac_cv_prog_ac_ct_OBJDUMP=objdump
ac_cv_prog_ac_ct_RANLIB=ranlib
ac_cv_prog_ac_ct_STRIP=strip
ac_cv_prog_cc_c89=
ac_cv_prog_cc_g=yes
ac_cv_prog_cxx_g=yes
ac_cv_prog_make_make_set=yes
ac_cv_search_fdatasync='none required'
ac_cv_search_gethostbyaddr='none required'
ac_cv_search_gethostbyname='none required'
ac_cv_search_socketpair='none required'
ac_cv_search_uuid_generate=-luuid
ac_cv_search_zlibVersion=-lz
ac_cv_sizeof_int=4
ac_cv_sizeof_long=8
ac_cv_sys_file_offset_bits=no
ac_cv_sys_largefile_CC=no
ac_cv_type_mode_t=yes
ac_cv_type_pid_t=yes
ac_cv_type_ssize_t=yes
am_cv_CC_dependencies_compiler_type=gcc3
am_cv_CXX_dependencies_compiler_type=gcc3
am_cv_prog_tar_ustar=gnutar
lt_cv_ar_at_file=@
lt_cv_archive_cmds_need_lc=no
lt_cv_deplibs_check_method=pass_all
lt_cv_file_magic_cmd='$MAGIC_CMD'
lt_cv_file_magic_test_file=
lt_cv_ld_reload_flag=-r
lt_cv_nm_interface='BSD nm'
lt_cv_objdir=.libs
lt_cv_path_LD=/usr/bin/ld
lt_cv_path_LDCXX='/usr/bin/ld -m elf_x86_64'
lt_cv_path_NM='/usr/bin/nm -B'
lt_cv_path_mainfest_tool=no
lt_cv_prog_compiler_c_o=yes
lt_cv_prog_compiler_c_o_CXX=yes
lt_cv_prog_compiler_pic='-fPIC -DPIC'
lt_cv_prog_compiler_pic_CXX='-fPIC -DPIC'
lt_cv_prog_compiler_pic_works=yes
lt_cv_prog_compiler_pic_works_CXX=yes
lt_cv_prog_compiler_rtti_exceptions=no
lt_cv_prog_compiler_static_works=yes
lt_cv_prog_compiler_static_works_CXX=yes
lt_cv_prog_gnu_ld=yes
lt_cv_prog_gnu_ldcxx=yes
lt_cv_sharedlib_from_linklib_cmd='printf %s\n'
lt_cv_shlibpath_overrides_runpath=no
lt_cv_sys_global_symbol_pipe='sed -n -e '\''s/^.*[	 ]\([ABCDGIRSTW][ABCDGIRSTW]*\)[	 ][	 ]*\([_A-Za-z][_A-Za-z0-9]*\)$/\1 \2 \2/p'\'' | sed '\''/ __gnu_lto/d'\'''
lt_cv_sys_global_symbol_to_c_name_address='sed -n -e '\''s/^: \([^ ]*\)[ ]*$/  {\"\1\", (void *) 0},/p'\'' -e '\''s/^[ABCDGIRSTW]* \([^ ]*\) \([^ ]*\)$/  {"\2", (void *) \&\2},/p'\'''
lt_cv_sys_global_symbol_to_c_name_address_lib_prefix='sed -n -e '\''s/^: \([^ ]*\)[ ]*$/  {\"\1\", (void *) 0},/p'\'' -e '\''s/^[ABCDGIRSTW]* \([^ ]*\) \(lib[^ ]*\)$/  {"\2", (void *) \&\2},/p'\'' -e '\''s/^[ABCDGIRSTW]* \([^ ]*\) \([^ ]*\)$/  {"lib\2", (void *) \&\2},/p'\'''
lt_cv_sys_global_symbol_to_cdecl='sed -n -e '\''s/^T .* \(.*\)$/extern int \1();/p'\'' -e '\''s/^[ABCDGIRSTW]* .* \(.*\)$/extern char \1;/p'\'''
lt_cv_sys_max_cmd_len=1572864
lt_cv_to_host_file_cmd=func_convert_file_noop
lt_cv_to_tool_file_cmd=func_convert_file_noop
xo_cv_cxx_works=yes
xo_cv_pread_prototype=' '
xo_cv_pwrite_prototype=' '
xo_cv_socklen_t_equiv=socklen_t
xo_cv_symbolic_functions=yes

## ----------------- ##
## Output variables. ##
## ----------------- ##

ACLOCAL='${SHELL} /home/stephen/Workspace/Rare/NamingZebras/Zebra/xapian-core-1.2.17/missing --run aclocal-1.11 '
AMDEPBACKSLASH='\'
AMDEP_FALSE='#'
AMDEP_TRUE=''
AMTAR='$${TAR-tar}'
AM_CXXFLAGS=' -fshow-column -Wall -W -Wredundant-decls -Wpointer-arith -Wcast-qual -Wcast-align -Wno-long-long -Wformat-security -fno-gnu-keywords -Wundef -Woverloaded-virtual -Wstrict-null-sentinel -Wshadow -Wstrict-overflow=1 -Wlogical-op -Wmissing-declarations -Wdouble-promotion -Winit-self -fvisibility=hidden'
ANSI_CXXFLAGS=''
AR='ar'
AUTOCONF='${SHELL} /home/stephen/Workspace/Rare/NamingZebras/Zebra/xapian-core-1.2.17/missing --run autoconf'
AUTOHEADER='${SHELL} /home/stephen/Workspace/Rare/NamingZebras/Zebra/xapian-core-1.2.17/missing --run autoheader'
AUTOM4TE='autom4te'
AUTOMAKE='${SHELL} /home/stephen/Workspace/Rare/NamingZebras/Zebra/xapian-core-1.2.17/missing --run automake-1.11'
AWK='gawk'
BUILD_BACKEND_BRASS_FALSE='#'
BUILD_BACKEND_BRASS_OR_CHERT_OR_FLINT_FALSE='#'
BUILD_BACKEND_BRASS_OR_CHERT_OR_FLINT_TRUE=''
BUILD_BACKEND_BRASS_TRUE=''
BUILD_BACKEND_CHERT_FALSE='#'
BUILD_BACKEND_CHERT_TRUE=''
BUILD_BACKEND_FLINT_FALSE='#'
BUILD_BACKEND_FLINT_TRUE=''
BUILD_BACKEND_INMEMORY_FALSE='#'
BUILD_BACKEND_INMEMORY_TRUE=''
BUILD_BACKEND_REMOTE_FALSE='#'
BUILD_BACKEND_REMOTE_TRUE=''
CC='gcc'
CCDEPMODE='depmode=gcc3'
CC_FOR_BUILD='gcc'
CFLAGS='-g -O2'
CPP='gcc -E'
CPPFLAGS=''
CXX='g++'
CXXCPP='g++ -E'
CXXDEPMODE='depmode=gcc3'
CXXFLAGS='-g -O2'
CYGPATH_W='echo'
DEFS='-DHAVE_CONFIG_H'
DEPDIR='.deps'
DLLTOOL='false'
DOCUMENTATION_RULES_FALSE=''
DOCUMENTATION_RULES_TRUE='#'
DOT=''
DOXYGEN=''
DOXYGEN_DOT_PATH=''
DSYMUTIL=''
DUMPBIN=''
EATMYDATA=''
ECHO_C=''
ECHO_N='-n'
ECHO_T=''
EGREP='/bin/grep -E'
EXEEXT=''
FGREP='/bin/grep -F'
FP_EXCESS_PRECISION='no'
GREP='/bin/grep'
HELP2MAN=''
INSTALL_DATA='${INSTALL} -m 644'
INSTALL_PROGRAM='${INSTALL}'
INSTALL_SCRIPT='${INSTALL}'
INSTALL_STRIP_PROGRAM='$(install_sh) -c -s'
LD='/usr/bin/ld -m elf_x86_64'
LDFLAGS=''
LIBOBJS=''
LIBRARY_VERSION_INFO='28:4:6'
LIBRARY_VERSION_SUFFIX=''
LIBS=''
LIBTOOL='$(SHELL) $(top_builddir)/libtool'
LIPO=''
LN_S='ln -s'
LTLIBOBJS=''
MAINT='#'
MAINTAINER_MODE_FALSE=''
MAINTAINER_MODE_TRUE='#'
MAINTAINER_NO_DOCS_FALSE=''
MAINTAINER_NO_DOCS_TRUE='#'
MAKEINDEX=''
MAKEINFO='${SHELL} /home/stephen/Workspace/Rare/NamingZebras/Zebra/xapian-core-1.2.17/missing --run makeinfo'
MANIFEST_TOOL=':'
MKDIR_P='/bin/mkdir -p'
NM='/usr/bin/nm -B'
NMEDIT=''
NO_INSTALL='-no-install'
OBJDUMP='objdump'
OBJEXT='o'
OTOOL64=''
OTOOL=''
PACKAGE='xapian-core'
PACKAGE_BUGREPORT='http://xapian.org/bugs'
PACKAGE_NAME='xapian-core'
PACKAGE_STRING='xapian-core 1.2.17'
PACKAGE_TARNAME='xapian-core'
PACKAGE_URL=''
PACKAGE_VERSION='1.2.17'
PATH_SEPARATOR=':'
PERL='/usr/bin/perl'
PNGCRUSH=''
QUIET=''
RANLIB='ranlib'
RST2HTML=''
SED='/bin/sed'
SET_MAKE=''
SHELL='/bin/bash'
SHLIBEXT='.so'
STRIP='strip'
USE_WIN32_UUID_API_FALSE=''
USE_WIN32_UUID_API_TRUE='#'
USE_ZLIB_VG_FALSE=''
USE_ZLIB_VG_TRUE='#'
VALGRIND=''
VERSION='1.2.17'
VPATH_BUILD_FALSE=''
VPATH_BUILD_TRUE='#'
XAPIAN_LDFLAGS=' -Bsymbolic-functions'
XAPIAN_LIBS='  -lz  -luuid  '
ac_ct_AR='ar'
ac_ct_CC='gcc'
ac_ct_CXX='g++'
ac_ct_DUMPBIN=''
am__EXEEXT_FALSE=''
am__EXEEXT_TRUE='#'
am__fastdepCC_FALSE='#'
am__fastdepCC_TRUE=''
am__fastdepCXX_FALSE='#'
am__fastdepCXX_TRUE=''
am__include='include'
am__isrc=''
am__leading_dot='.'
am__nodep='_no'
am__quote=''
am__tar='tar --format=ustar -chf - "$$tardir"'
am__untar='tar -xf -'
bindir='${exec_prefix}/bin'
build='x86_64-unknown-linux-gnu'
build_alias=''
build_cpu='x86_64'
build_os='linux-gnu'
build_vendor='unknown'
datadir='${datarootdir}'
datarootdir='${prefix}/share'
docdir='${datarootdir}/doc/${PACKAGE_TARNAME}'
dvidir='${docdir}'
exec_prefix='${prefix}'
host='x86_64-unknown-linux-gnu'
host_alias=''
host_cpu='x86_64'
host_os='linux-gnu'
host_vendor='unknown'
htmldir='${docdir}'
incdir='${prefix}/include'
includedir='${prefix}/include'
infodir='${datarootdir}/info'
install_sh='${SHELL} /home/stephen/Workspace/Rare/NamingZebras/Zebra/xapian-core-1.2.17/install-sh'
ldflags=''
libdir='${exec_prefix}/lib'
libexecdir='${exec_prefix}/libexec'
link_all_deplibs_CXX='no'
localedir='${datarootdir}/locale'
localstatedir='${prefix}/var'
mandir='${datarootdir}/man'
mkdir_p='/bin/mkdir -p'
oldincludedir='/usr/include'
pdfdir='${docdir}'
prefix='/usr/local'
program_transform_name='s,x,x,'
psdir='${docdir}'
sbindir='${exec_prefix}/sbin'
sharedstatedir='${prefix}/com'
sysconfdir='${prefix}/etc'
target_alias=''

## ----------- ##
## confdefs.h. ##
## ----------- ##

/* confdefs.h */
#define PACKAGE_NAME "xapian-core"
#define PACKAGE_TARNAME "xapian-core"
#define PACKAGE_VERSION "1.2.17"
#define PACKAGE_STRING "xapian-core 1.2.17"
#define PACKAGE_BUGREPORT "http://xapian.org/bugs"
#define PACKAGE_URL ""
#define PACKAGE "xapian-core"
#define VERSION "1.2.17"
#define STDC_HEADERS 1
#define HAVE_SYS_TYPES_H 1
#define HAVE_SYS_STAT_H 1
#define HAVE_STDLIB_H 1
#define HAVE_STRING_H 1
#define HAVE_MEMORY_H 1
#define HAVE_STRINGS_H 1
#define HAVE_INTTYPES_H 1
#define HAVE_STDINT_H 1
#define HAVE_UNISTD_H 1
#define HAVE_DLFCN_H 1
#define LT_OBJDIR ".libs/"
#define USE_RTTI 1
#define HAVE_GETTIMEOFDAY 1
#define HAVE_FTIME 1
#define HAVE_SRANDOM 1
#define HAVE_RANDOM 1
#define HAVE_SIGACTION 1
#define HAVE_SIGSETJMP 1
#define HAVE_GETRUSAGE 1
#define HAVE_TIMES 1
#define HAVE_SYSCONF 1
#define HAVE_SETENV 1
#define HAVE_DIRFD 1
#define HAVE_GETRLIMIT 1
#define HAVE_SYS_UTSNAME_H 1
#define HAVE_GETHOSTNAME 1
#define SIZEOF_INT 4
#define SIZEOF_LONG 8
#define HAVE_FCNTL_H 1
#define HAVE_LIMITS_H 1
#define HAVE_SYS_ERRNO_H 1
#define HAVE_SYS_SELECT_H 1
#define HAVE_SYS_RESOURCE_H 1
#define HAVE_STRERROR 1
#define HAVE_HSTRERROR 1
#define SNPRINTF_ISO snprintf
#define SNPRINTF snprintf
#define HAVE_ZLIB_H 1
#define HAVE_UUID_UUID_H 1
#define HAVE_UUID_UNPARSE_LOWER 1
#define HAVE_FORK 1
#define HAVE_SOCKETPAIR 1
#define SOCKLEN_T socklen_t
#define HAVE_FSYNC 1
#define HAVE_PREAD 1
#define HAVE_PWRITE 1
#define HAVE_LINK 1

configure: exit 0
