This file contains any messages produced by compilers while
running configure, to aid debugging if configure makes a mistake.

It was created by xapian-bindings configure 1.2.17, which was
generated by GNU Autoconf 2.68.  Invocation command line was

  $ ./configure --with-ruby

## --------- ##
## Platform. ##
## --------- ##

hostname = Stephen-ThinkPad-T410
uname -m = x86_64
uname -r = 3.11.0-17-generic
uname -s = Linux
uname -v = #31-Ubuntu SMP Mon Feb 3 21:52:43 UTC 2014

/usr/bin/uname -p = unknown
/bin/uname -X     = unknown

/bin/arch              = unknown
/usr/bin/arch -k       = unknown
/usr/convex/getsysinfo = unknown
/usr/bin/hostinfo      = unknown
/bin/machine           = unknown
/usr/bin/oslevel       = unknown
/bin/universe          = unknown

PATH: /home/stephen/.rvm/gems/ruby-2.0.0-p247/bin
PATH: /home/stephen/.rvm/gems/ruby-2.0.0-p247@global/bin
PATH: /home/stephen/.rvm/rubies/ruby-2.0.0-p247/bin
PATH: /home/stephen/.rvm/bin
PATH: /usr/lib/lightdm/lightdm
PATH: /usr/local/sbin
PATH: /usr/local/bin
PATH: /usr/sbin
PATH: /usr/bin
PATH: /sbin
PATH: /bin
PATH: /usr/games
PATH: /usr/local/games


## ----------- ##
## Core tests. ##
## ----------- ##

configure:2478: checking for a BSD-compatible install
configure:2546: result: /usr/bin/install -c
configure:2557: checking whether build environment is sane
configure:2607: result: yes
configure:2748: checking for a thread-safe mkdir -p
configure:2787: result: /bin/mkdir -p
configure:2800: checking for gawk
configure:2816: found /usr/bin/gawk
configure:2827: result: gawk
configure:2838: checking whether make sets $(MAKE)
configure:2860: result: yes
configure:2935: checking how to create a ustar tar archive
configure:2948: tar --version
tar (GNU tar) 1.26
Copyright (C) 2011 Free Software Foundation, Inc.
License GPLv3+: GNU GPL version 3 or later <http://gnu.org/licenses/gpl.html>.
This is free software: you are free to change and redistribute it.
There is NO WARRANTY, to the extent permitted by law.

Written by John Gilmore and Jay Fenlason.
configure:2951: $? = 0
configure:2991: tardir=conftest.dir && eval tar --format=ustar -chf - "$tardir" >conftest.tar
configure:2994: $? = 0
configure:2998: tar -xf - <conftest.tar
configure:3001: $? = 0
configure:3014: result: gnutar
configure:3032: checking build system type
configure:3046: result: x86_64-unknown-linux-gnu
configure:3066: checking host system type
configure:3079: result: x86_64-unknown-linux-gnu
configure:3174: checking how to print strings
configure:3201: result: printf
configure:3234: checking for style of include used by make
configure:3262: result: GNU
configure:3333: checking for gcc
configure:3349: found /usr/bin/gcc
configure:3360: result: gcc
configure:3589: checking for C compiler version
configure:3598: gcc --version >&5
gcc (Ubuntu/Linaro 4.8.1-10ubuntu9) 4.8.1
Copyright (C) 2013 Free Software Foundation, Inc.
This is free software; see the source for copying conditions.  There is NO
warranty; not even for MERCHANTABILITY or FITNESS FOR A PARTICULAR PURPOSE.

configure:3609: $? = 0
configure:3598: gcc -v >&5
Using built-in specs.
COLLECT_GCC=gcc
COLLECT_LTO_WRAPPER=/usr/lib/gcc/x86_64-linux-gnu/4.8/lto-wrapper
Target: x86_64-linux-gnu
Configured with: ../src/configure -v --with-pkgversion='Ubuntu/Linaro 4.8.1-10ubuntu9' --with-bugurl=file:///usr/share/doc/gcc-4.8/README.Bugs --enable-languages=c,c++,java,go,d,fortran,objc,obj-c++ --prefix=/usr --program-suffix=-4.8 --enable-shared --enable-linker-build-id --libexecdir=/usr/lib --without-included-gettext --enable-threads=posix --with-gxx-include-dir=/usr/include/c++/4.8 --libdir=/usr/lib --enable-nls --with-sysroot=/ --enable-clocale=gnu --enable-libstdcxx-debug --enable-libstdcxx-time=yes --enable-gnu-unique-object --enable-plugin --with-system-zlib --disable-browser-plugin --enable-java-awt=gtk --enable-gtk-cairo --with-java-home=/usr/lib/jvm/java-1.5.0-gcj-4.8-amd64/jre --enable-java-home --with-jvm-root-dir=/usr/lib/jvm/java-1.5.0-gcj-4.8-amd64 --with-jvm-jar-dir=/usr/lib/jvm-exports/java-1.5.0-gcj-4.8-amd64 --with-arch-directory=amd64 --with-ecj-jar=/usr/share/java/eclipse-ecj.jar --enable-objc-gc --enable-multiarch --disable-werror --with-arch-32=i686 --with-abi=m64 --with-multilib-list=m32,m64,mx32 --with-tune=generic --enable-checking=release --build=x86_64-linux-gnu --host=x86_64-linux-gnu --target=x86_64-linux-gnu
Thread model: posix
gcc version 4.8.1 (Ubuntu/Linaro 4.8.1-10ubuntu9) 
configure:3609: $? = 0
configure:3598: gcc -V >&5
gcc: error: unrecognized command line option '-V'
gcc: fatal error: no input files
compilation terminated.
configure:3609: $? = 4
configure:3598: gcc -qversion >&5
gcc: error: unrecognized command line option '-qversion'
gcc: fatal error: no input files
compilation terminated.
configure:3609: $? = 4
configure:3629: checking whether the C compiler works
configure:3651: gcc    conftest.c  >&5
configure:3655: $? = 0
configure:3703: result: yes
configure:3706: checking for C compiler default output file name
configure:3708: result: a.out
configure:3714: checking for suffix of executables
configure:3721: gcc -o conftest    conftest.c  >&5
configure:3725: $? = 0
configure:3747: result: 
configure:3769: checking whether we are cross compiling
configure:3777: gcc -o conftest    conftest.c  >&5
configure:3781: $? = 0
configure:3788: ./conftest
configure:3792: $? = 0
configure:3807: result: no
configure:3812: checking for suffix of object files
configure:3834: gcc -c   conftest.c >&5
configure:3838: $? = 0
configure:3859: result: o
configure:3863: checking whether we are using the GNU C compiler
configure:3882: gcc -c   conftest.c >&5
configure:3882: $? = 0
configure:3891: result: yes
configure:3900: checking whether gcc accepts -g
configure:3920: gcc -c -g  conftest.c >&5
configure:3920: $? = 0
configure:3961: result: yes
configure:3978: checking for gcc option to accept ISO C89
configure:4042: gcc  -c -g -O2  conftest.c >&5
configure:4042: $? = 0
configure:4055: result: none needed
configure:4077: checking dependency style of gcc
configure:4188: result: gcc3
configure:4203: checking for a sed that does not truncate output
configure:4267: result: /bin/sed
configure:4285: checking for grep that handles long lines and -e
configure:4343: result: /bin/grep
configure:4348: checking for egrep
configure:4410: result: /bin/grep -E
configure:4415: checking for fgrep
configure:4477: result: /bin/grep -F
configure:4512: checking for ld used by gcc
configure:4579: result: /usr/bin/ld
configure:4586: checking if the linker (/usr/bin/ld) is GNU ld
configure:4601: result: yes
configure:4613: checking for BSD- or MS-compatible name lister (nm)
configure:4662: result: /usr/bin/nm -B
configure:4792: checking the name lister (/usr/bin/nm -B) interface
configure:4799: gcc -c -g -O2  conftest.c >&5
configure:4802: /usr/bin/nm -B "conftest.o"
configure:4805: output
0000000000000000 B some_variable
configure:4812: result: BSD nm
configure:4815: checking whether ln -s works
configure:4819: result: yes
configure:4827: checking the maximum length of command line arguments
configure:4952: result: 1572864
configure:4969: checking whether the shell understands some XSI constructs
configure:4979: result: yes
configure:4983: checking whether the shell understands "+="
configure:4989: result: yes
configure:5024: checking how to convert x86_64-unknown-linux-gnu file names to x86_64-unknown-linux-gnu format
configure:5064: result: func_convert_file_noop
configure:5071: checking how to convert x86_64-unknown-linux-gnu file names to toolchain format
configure:5091: result: func_convert_file_noop
configure:5098: checking for /usr/bin/ld option to reload object files
configure:5105: result: -r
configure:5179: checking for objdump
configure:5195: found /usr/bin/objdump
configure:5206: result: objdump
configure:5238: checking how to recognize dependent libraries
configure:5440: result: pass_all
configure:5525: checking for dlltool
configure:5555: result: no
configure:5585: checking how to associate runtime and link libraries
configure:5612: result: printf %s\n
configure:5673: checking for ar
configure:5689: found /usr/bin/ar
configure:5700: result: ar
configure:5737: checking for archiver @FILE support
configure:5754: gcc -c -g -O2  conftest.c >&5
configure:5754: $? = 0
configure:5757: ar cru libconftest.a @conftest.lst >&5
configure:5760: $? = 0
configure:5765: ar cru libconftest.a @conftest.lst >&5
ar: conftest.o: No such file or directory
configure:5768: $? = 1
configure:5780: result: @
configure:5838: checking for strip
configure:5854: found /usr/bin/strip
configure:5865: result: strip
configure:5937: checking for ranlib
configure:5953: found /usr/bin/ranlib
configure:5964: result: ranlib
configure:6066: checking command to parse /usr/bin/nm -B output from gcc object
configure:6185: gcc -c -g -O2  conftest.c >&5
configure:6188: $? = 0
configure:6192: /usr/bin/nm -B conftest.o \| sed -n -e 's/^.*[ ]\([ABCDGIRSTW][ABCDGIRSTW]*\)[ ][ ]*\([_A-Za-z][_A-Za-z0-9]*\)$/\1 \2 \2/p' | sed '/ __gnu_lto/d' \> conftest.nm
configure:6195: $? = 0
configure:6261: gcc -o conftest -g -O2   conftest.c conftstm.o >&5
configure:6264: $? = 0
configure:6302: result: ok
configure:6339: checking for sysroot
configure:6369: result: no
configure:6446: gcc -c -g -O2  conftest.c >&5
configure:6449: $? = 0
configure:6612: checking for mt
configure:6628: found /bin/mt
configure:6639: result: mt
configure:6662: checking if mt is a manifest tool
configure:6668: mt '-?'
configure:6676: result: no
configure:7308: checking how to run the C preprocessor
configure:7339: gcc -E  conftest.c
configure:7339: $? = 0
configure:7353: gcc -E  conftest.c
conftest.c:11:28: fatal error: ac_nonexistent.h: No such file or directory
 #include <ac_nonexistent.h>
                            ^
compilation terminated.
configure:7353: $? = 1
configure: failed program was:
| /* confdefs.h */
| #define PACKAGE_NAME "xapian-bindings"
| #define PACKAGE_TARNAME "xapian-bindings"
| #define PACKAGE_VERSION "1.2.17"
| #define PACKAGE_STRING "xapian-bindings 1.2.17"
| #define PACKAGE_BUGREPORT "http://xapian.org/bugs"
| #define PACKAGE_URL ""
| #define PACKAGE "xapian-bindings"
| #define VERSION "1.2.17"
| /* end confdefs.h.  */
| #include <ac_nonexistent.h>
configure:7378: result: gcc -E
configure:7398: gcc -E  conftest.c
configure:7398: $? = 0
configure:7412: gcc -E  conftest.c
conftest.c:11:28: fatal error: ac_nonexistent.h: No such file or directory
 #include <ac_nonexistent.h>
                            ^
compilation terminated.
configure:7412: $? = 1
configure: failed program was:
| /* confdefs.h */
| #define PACKAGE_NAME "xapian-bindings"
| #define PACKAGE_TARNAME "xapian-bindings"
| #define PACKAGE_VERSION "1.2.17"
| #define PACKAGE_STRING "xapian-bindings 1.2.17"
| #define PACKAGE_BUGREPORT "http://xapian.org/bugs"
| #define PACKAGE_URL ""
| #define PACKAGE "xapian-bindings"
| #define VERSION "1.2.17"
| /* end confdefs.h.  */
| #include <ac_nonexistent.h>
configure:7441: checking for ANSI C header files
configure:7461: gcc -c -g -O2  conftest.c >&5
configure:7461: $? = 0
configure:7534: gcc -o conftest -g -O2   conftest.c  >&5
configure:7534: $? = 0
configure:7534: ./conftest
configure:7534: $? = 0
configure:7545: result: yes
configure:7558: checking for sys/types.h
configure:7558: gcc -c -g -O2  conftest.c >&5
configure:7558: $? = 0
configure:7558: result: yes
configure:7558: checking for sys/stat.h
configure:7558: gcc -c -g -O2  conftest.c >&5
configure:7558: $? = 0
configure:7558: result: yes
configure:7558: checking for stdlib.h
configure:7558: gcc -c -g -O2  conftest.c >&5
configure:7558: $? = 0
configure:7558: result: yes
configure:7558: checking for string.h
configure:7558: gcc -c -g -O2  conftest.c >&5
configure:7558: $? = 0
configure:7558: result: yes
configure:7558: checking for memory.h
configure:7558: gcc -c -g -O2  conftest.c >&5
configure:7558: $? = 0
configure:7558: result: yes
configure:7558: checking for strings.h
configure:7558: gcc -c -g -O2  conftest.c >&5
configure:7558: $? = 0
configure:7558: result: yes
configure:7558: checking for inttypes.h
configure:7558: gcc -c -g -O2  conftest.c >&5
configure:7558: $? = 0
configure:7558: result: yes
configure:7558: checking for stdint.h
configure:7558: gcc -c -g -O2  conftest.c >&5
configure:7558: $? = 0
configure:7558: result: yes
configure:7558: checking for unistd.h
configure:7558: gcc -c -g -O2  conftest.c >&5
configure:7558: $? = 0
configure:7558: result: yes
configure:7572: checking for dlfcn.h
configure:7572: gcc -c -g -O2  conftest.c >&5
configure:7572: $? = 0
configure:7572: result: yes
configure:7758: checking for objdir
configure:7773: result: .libs
configure:8044: checking if gcc supports -fno-rtti -fno-exceptions
configure:8062: gcc -c -g -O2  -fno-rtti -fno-exceptions conftest.c >&5
cc1: warning: command line option '-fno-rtti' is valid for C++/ObjC++ but not for C [enabled by default]
configure:8066: $? = 0
configure:8079: result: no
configure:8389: checking for gcc option to produce PIC
configure:8396: result: -fPIC -DPIC
configure:8404: checking if gcc PIC flag -fPIC -DPIC works
configure:8422: gcc -c -g -O2  -fPIC -DPIC -DPIC conftest.c >&5
configure:8426: $? = 0
configure:8439: result: yes
configure:8468: checking if gcc static flag -static works
configure:8496: result: yes
configure:8511: checking if gcc supports -c -o file.o
configure:8532: gcc -c -g -O2  -o out/conftest2.o conftest.c >&5
configure:8536: $? = 0
configure:8558: result: yes
configure:8566: checking if gcc supports -c -o file.o
configure:8613: result: yes
configure:8646: checking whether the gcc linker (/usr/bin/ld -m elf_x86_64) supports shared libraries
configure:9804: result: yes
configure:9841: checking whether -lc should be explicitly linked in
configure:9849: gcc -c -g -O2  conftest.c >&5
configure:9852: $? = 0
configure:9867: gcc -shared  -fPIC -DPIC conftest.o  -v -Wl,-soname -Wl,conftest -o conftest 2\>\&1 \| /bin/grep  -lc  \>/dev/null 2\>\&1
configure:9870: $? = 0
configure:9884: result: no
configure:10049: checking dynamic linker characteristics
configure:10563: gcc -o conftest -g -O2   -Wl,-rpath -Wl,/foo conftest.c  >&5
configure:10563: $? = 0
configure:10785: result: GNU/Linux ld.so
configure:10892: checking how to hardcode library paths into programs
configure:10917: result: immediate
configure:11457: checking whether stripping libraries is possible
configure:11462: result: yes
configure:11497: checking if libtool supports shared libraries
configure:11499: result: yes
configure:11502: checking whether to build shared libraries
configure:11523: result: yes
configure:11526: checking whether to build static libraries
configure:11530: result: no
configure:11630: checking for g++
configure:11646: found /usr/bin/g++
configure:11657: result: g++
configure:11684: checking for C++ compiler version
configure:11693: g++ --version >&5
g++ (Ubuntu/Linaro 4.8.1-10ubuntu9) 4.8.1
Copyright (C) 2013 Free Software Foundation, Inc.
This is free software; see the source for copying conditions.  There is NO
warranty; not even for MERCHANTABILITY or FITNESS FOR A PARTICULAR PURPOSE.

configure:11704: $? = 0
configure:11693: g++ -v >&5
Using built-in specs.
COLLECT_GCC=g++
COLLECT_LTO_WRAPPER=/usr/lib/gcc/x86_64-linux-gnu/4.8/lto-wrapper
Target: x86_64-linux-gnu
Configured with: ../src/configure -v --with-pkgversion='Ubuntu/Linaro 4.8.1-10ubuntu9' --with-bugurl=file:///usr/share/doc/gcc-4.8/README.Bugs --enable-languages=c,c++,java,go,d,fortran,objc,obj-c++ --prefix=/usr --program-suffix=-4.8 --enable-shared --enable-linker-build-id --libexecdir=/usr/lib --without-included-gettext --enable-threads=posix --with-gxx-include-dir=/usr/include/c++/4.8 --libdir=/usr/lib --enable-nls --with-sysroot=/ --enable-clocale=gnu --enable-libstdcxx-debug --enable-libstdcxx-time=yes --enable-gnu-unique-object --enable-plugin --with-system-zlib --disable-browser-plugin --enable-java-awt=gtk --enable-gtk-cairo --with-java-home=/usr/lib/jvm/java-1.5.0-gcj-4.8-amd64/jre --enable-java-home --with-jvm-root-dir=/usr/lib/jvm/java-1.5.0-gcj-4.8-amd64 --with-jvm-jar-dir=/usr/lib/jvm-exports/java-1.5.0-gcj-4.8-amd64 --with-arch-directory=amd64 --with-ecj-jar=/usr/share/java/eclipse-ecj.jar --enable-objc-gc --enable-multiarch --disable-werror --with-arch-32=i686 --with-abi=m64 --with-multilib-list=m32,m64,mx32 --with-tune=generic --enable-checking=release --build=x86_64-linux-gnu --host=x86_64-linux-gnu --target=x86_64-linux-gnu
Thread model: posix
gcc version 4.8.1 (Ubuntu/Linaro 4.8.1-10ubuntu9) 
configure:11704: $? = 0
configure:11693: g++ -V >&5
g++: error: unrecognized command line option '-V'
g++: fatal error: no input files
compilation terminated.
configure:11704: $? = 4
configure:11693: g++ -qversion >&5
g++: error: unrecognized command line option '-qversion'
g++: fatal error: no input files
compilation terminated.
configure:11704: $? = 4
configure:11708: checking whether we are using the GNU C++ compiler
configure:11727: g++ -c   conftest.cpp >&5
configure:11727: $? = 0
configure:11736: result: yes
configure:11745: checking whether g++ accepts -g
configure:11765: g++ -c -g  conftest.cpp >&5
configure:11765: $? = 0
configure:11806: result: yes
configure:11831: checking dependency style of g++
configure:11942: result: gcc3
configure:11975: checking how to run the C++ preprocessor
configure:12002: g++ -E  conftest.cpp
configure:12002: $? = 0
configure:12016: g++ -E  conftest.cpp
conftest.cpp:23:28: fatal error: ac_nonexistent.h: No such file or directory
 #include <ac_nonexistent.h>
                            ^
compilation terminated.
configure:12016: $? = 1
configure: failed program was:
| /* confdefs.h */
| #define PACKAGE_NAME "xapian-bindings"
| #define PACKAGE_TARNAME "xapian-bindings"
| #define PACKAGE_VERSION "1.2.17"
| #define PACKAGE_STRING "xapian-bindings 1.2.17"
| #define PACKAGE_BUGREPORT "http://xapian.org/bugs"
| #define PACKAGE_URL ""
| #define PACKAGE "xapian-bindings"
| #define VERSION "1.2.17"
| #define STDC_HEADERS 1
| #define HAVE_SYS_TYPES_H 1
| #define HAVE_SYS_STAT_H 1
| #define HAVE_STDLIB_H 1
| #define HAVE_STRING_H 1
| #define HAVE_MEMORY_H 1
| #define HAVE_STRINGS_H 1
| #define HAVE_INTTYPES_H 1
| #define HAVE_STDINT_H 1
| #define HAVE_UNISTD_H 1
| #define HAVE_DLFCN_H 1
| #define LT_OBJDIR ".libs/"
| /* end confdefs.h.  */
| #include <ac_nonexistent.h>
configure:12041: result: g++ -E
configure:12061: g++ -E  conftest.cpp
configure:12061: $? = 0
configure:12075: g++ -E  conftest.cpp
conftest.cpp:23:28: fatal error: ac_nonexistent.h: No such file or directory
 #include <ac_nonexistent.h>
                            ^
compilation terminated.
configure:12075: $? = 1
configure: failed program was:
| /* confdefs.h */
| #define PACKAGE_NAME "xapian-bindings"
| #define PACKAGE_TARNAME "xapian-bindings"
| #define PACKAGE_VERSION "1.2.17"
| #define PACKAGE_STRING "xapian-bindings 1.2.17"
| #define PACKAGE_BUGREPORT "http://xapian.org/bugs"
| #define PACKAGE_URL ""
| #define PACKAGE "xapian-bindings"
| #define VERSION "1.2.17"
| #define STDC_HEADERS 1
| #define HAVE_SYS_TYPES_H 1
| #define HAVE_SYS_STAT_H 1
| #define HAVE_STDLIB_H 1
| #define HAVE_STRING_H 1
| #define HAVE_MEMORY_H 1
| #define HAVE_STRINGS_H 1
| #define HAVE_INTTYPES_H 1
| #define HAVE_STDINT_H 1
| #define HAVE_UNISTD_H 1
| #define HAVE_DLFCN_H 1
| #define LT_OBJDIR ".libs/"
| /* end confdefs.h.  */
| #include <ac_nonexistent.h>
configure:12245: checking for ld used by g++
configure:12312: result: /usr/bin/ld -m elf_x86_64
configure:12319: checking if the linker (/usr/bin/ld -m elf_x86_64) is GNU ld
configure:12334: result: yes
configure:12389: checking whether the g++ linker (/usr/bin/ld -m elf_x86_64) supports shared libraries
configure:13393: result: yes
configure:13428: g++ -c -g -O2  conftest.cpp >&5
configure:13431: $? = 0
configure:13951: checking for g++ option to produce PIC
configure:13958: result: -fPIC -DPIC
configure:13966: checking if g++ PIC flag -fPIC -DPIC works
configure:13984: g++ -c -g -O2  -fPIC -DPIC -DPIC conftest.cpp >&5
configure:13988: $? = 0
configure:14001: result: yes
configure:14024: checking if g++ static flag -static works
configure:14052: result: yes
configure:14064: checking if g++ supports -c -o file.o
configure:14085: g++ -c -g -O2  -o out/conftest2.o conftest.cpp >&5
configure:14089: $? = 0
configure:14111: result: yes
configure:14116: checking if g++ supports -c -o file.o
configure:14163: result: yes
configure:14193: checking whether the g++ linker (/usr/bin/ld -m elf_x86_64) supports shared libraries
configure:14227: result: yes
configure:14370: checking dynamic linker characteristics
configure:15040: result: GNU/Linux ld.so
configure:15093: checking how to hardcode library paths into programs
configure:15118: result: immediate
/sbin/ldconfig.real: Can't stat /lib/i686-linux-gnu: No such file or directory
/sbin/ldconfig.real: Can't stat /usr/lib/i686-linux-gnu: No such file or directory
/sbin/ldconfig.real: Path `/lib/x86_64-linux-gnu' given more than once
/sbin/ldconfig.real: Path `/usr/lib/x86_64-linux-gnu' given more than once
configure:15202: checking for xapian-config
configure:15220: found /usr/local/bin/xapian-config
configure:15232: result: /usr/local/bin/xapian-config
configure:15255: checking /usr/local/bin/xapian-config works
-L/usr/local/lib -lxapian
-I/usr/local/include
configure:15259: result: yes
configure:15354: checking whether to enable maintainer-specific portions of Makefiles
configure:15363: result: no
configure:17164: checking for ruby1.8
configure:17197: result: no
configure:17164: checking for ruby
configure:17182: found /home/stephen/.rvm/rubies/ruby-2.0.0-p247/bin/ruby
configure:17194: result: /home/stephen/.rvm/rubies/ruby-2.0.0-p247/bin/ruby
configure:17208: checking /home/stephen/.rvm/rubies/ruby-2.0.0-p247/bin/ruby version
configure:17234: result: 2.0.0
configure:17241: checking for /home/stephen/.rvm/rubies/ruby-2.0.0-p247/include/ruby-2.0.0/ruby.h
configure:17244: result: yes
configure:17247: checking for ruby/io.h
configure:17251: result: yes
configure:17717: checking whether to use -fvisibility=hidden
configure:17738: g++ -c -fvisibility=hidden  conftest.cpp >&5
configure:17738: $? = 0
configure:17739: result: yes
configure:17923: creating ./config.status

## ---------------------- ##
## Running config.status. ##
## ---------------------- ##

This file was extended by xapian-bindings config.status 1.2.17, which was
generated by GNU Autoconf 2.68.  Invocation command line was

  CONFIG_FILES    = 
  CONFIG_HEADERS  = 
  CONFIG_LINKS    = 
  CONFIG_COMMANDS = 
  $ ./config.status 

on Stephen-ThinkPad-T410

config.status:1250: creating Makefile
config.status:1250: creating xapian-version.h
config.status:1250: creating python/Makefile
config.status:1250: creating python/version.i
config.status:1250: creating php/Makefile
config.status:1250: creating java/Makefile
config.status:1250: creating java/native/Makefile
config.status:1250: creating java/org/xapian/Makefile
config.status:1250: creating java/org/xapian/errors/Makefile
config.status:1250: creating java/org/xapian/examples/Makefile
config.status:1250: creating java-swig/Makefile
config.status:1250: creating tcl8/Makefile
config.status:1250: creating tcl8/pkgIndex.tcl
config.status:1250: creating csharp/Makefile
config.status:1250: creating csharp/AssemblyInfo.cs
config.status:1250: creating ruby/Makefile
config.status:1250: creating perl/Makefile
config.status:1250: creating perl/util.i
config.status:1250: creating lua/Makefile
config.status:1250: creating xapian-bindings.spec
config.status:1250: creating config.h
config.status:1431: config.h is unchanged
config.status:1479: executing depfiles commands
config.status:1479: executing libtool commands

## ---------------- ##
## Cache variables. ##
## ---------------- ##

ac_cv_build=x86_64-unknown-linux-gnu
ac_cv_c_compiler_gnu=yes
ac_cv_cxx_compiler_gnu=yes
ac_cv_env_CCC_set=
ac_cv_env_CCC_value=
ac_cv_env_CC_set=
ac_cv_env_CC_value=
ac_cv_env_CFLAGS_set=
ac_cv_env_CFLAGS_value=
ac_cv_env_CPPFLAGS_set=
ac_cv_env_CPPFLAGS_value=
ac_cv_env_CPP_set=
ac_cv_env_CPP_value=
ac_cv_env_CSC_set=
ac_cv_env_CSC_value=
ac_cv_env_CXXCPP_set=
ac_cv_env_CXXCPP_value=
ac_cv_env_CXXFLAGS_set=
ac_cv_env_CXXFLAGS_value=
ac_cv_env_CXX_set=
ac_cv_env_CXX_value=
ac_cv_env_GACUTIL_set=
ac_cv_env_GACUTIL_value=
ac_cv_env_JAR_set=
ac_cv_env_JAR_value=
ac_cv_env_JAVAC_set=
ac_cv_env_JAVAC_value=
ac_cv_env_JAVA_HOME_set=
ac_cv_env_JAVA_HOME_value=
ac_cv_env_JAVA_set=
ac_cv_env_JAVA_value=
ac_cv_env_JDK_HOME_set=
ac_cv_env_JDK_HOME_value=
ac_cv_env_JNI_INCLUDE_DIR_set=
ac_cv_env_JNI_INCLUDE_DIR_value=
ac_cv_env_LDFLAGS_set=
ac_cv_env_LDFLAGS_value=
ac_cv_env_LIBS_set=
ac_cv_env_LIBS_value=
ac_cv_env_LUA_INC_set=
ac_cv_env_LUA_INC_value=
ac_cv_env_LUA_LIB_set=
ac_cv_env_LUA_LIB_value=
ac_cv_env_LUA_SO_set=
ac_cv_env_LUA_SO_value=
ac_cv_env_LUA_set=
ac_cv_env_LUA_value=
ac_cv_env_MONO_set=
ac_cv_env_MONO_value=
ac_cv_env_PERL_ARCH_set=
ac_cv_env_PERL_ARCH_value=
ac_cv_env_PERL_INC_set=
ac_cv_env_PERL_INC_value=
ac_cv_env_PERL_LIB_set=
ac_cv_env_PERL_LIB_value=
ac_cv_env_PERL_SO_set=
ac_cv_env_PERL_SO_value=
ac_cv_env_PERL_set=
ac_cv_env_PERL_value=
ac_cv_env_PHP_CONFIG_set=
ac_cv_env_PHP_CONFIG_value=
ac_cv_env_PHP_EXTENSION_DIR_set=
ac_cv_env_PHP_EXTENSION_DIR_value=
ac_cv_env_PHP_set=
ac_cv_env_PHP_value=
ac_cv_env_PYTHON_LIB_set=
ac_cv_env_PYTHON_LIB_value=
ac_cv_env_PYTHON_set=
ac_cv_env_PYTHON_value=
ac_cv_env_RUBY_INC_ARCH_set=
ac_cv_env_RUBY_INC_ARCH_value=
ac_cv_env_RUBY_INC_set=
ac_cv_env_RUBY_INC_value=
ac_cv_env_RUBY_LIB_ARCH_set=
ac_cv_env_RUBY_LIB_ARCH_value=
ac_cv_env_RUBY_LIB_set=
ac_cv_env_RUBY_LIB_value=
ac_cv_env_RUBY_set=
ac_cv_env_RUBY_value=
ac_cv_env_SN_set=
ac_cv_env_SN_value=
ac_cv_env_SWIG_set=
ac_cv_env_SWIG_value=
ac_cv_env_TCLSH_set=
ac_cv_env_TCLSH_value=
ac_cv_env_TCL_INC_set=
ac_cv_env_TCL_INC_value=
ac_cv_env_TCL_LIB_set=
ac_cv_env_TCL_LIB_value=
ac_cv_env_XAPIAN_CONFIG_set=
ac_cv_env_XAPIAN_CONFIG_value=
ac_cv_env_build_alias_set=
ac_cv_env_build_alias_value=
ac_cv_env_host_alias_set=
ac_cv_env_host_alias_value=
ac_cv_env_target_alias_set=
ac_cv_env_target_alias_value=
ac_cv_header_dlfcn_h=yes
ac_cv_header_inttypes_h=yes
ac_cv_header_memory_h=yes
ac_cv_header_stdc=yes
ac_cv_header_stdint_h=yes
ac_cv_header_stdlib_h=yes
ac_cv_header_string_h=yes
ac_cv_header_strings_h=yes
ac_cv_header_sys_stat_h=yes
ac_cv_header_sys_types_h=yes
ac_cv_header_unistd_h=yes
ac_cv_host=x86_64-unknown-linux-gnu
ac_cv_objext=o
ac_cv_path_EGREP='/bin/grep -E'
ac_cv_path_FGREP='/bin/grep -F'
ac_cv_path_GREP=/bin/grep
ac_cv_path_RUBY=/home/stephen/.rvm/rubies/ruby-2.0.0-p247/bin/ruby
ac_cv_path_SED=/bin/sed
ac_cv_path_XAPIAN_CONFIG=/usr/local/bin/xapian-config
ac_cv_path_install='/usr/bin/install -c'
ac_cv_path_mkdir=/bin/mkdir
ac_cv_prog_AWK=gawk
ac_cv_prog_CPP='gcc -E'
ac_cv_prog_CXXCPP='g++ -E'
ac_cv_prog_ac_ct_AR=ar
ac_cv_prog_ac_ct_CC=gcc
ac_cv_prog_ac_ct_CXX=g++
ac_cv_prog_ac_ct_MANIFEST_TOOL=mt
ac_cv_prog_ac_ct_OBJDUMP=objdump
ac_cv_prog_ac_ct_RANLIB=ranlib
ac_cv_prog_ac_ct_STRIP=strip
ac_cv_prog_cc_c89=
ac_cv_prog_cc_g=yes
ac_cv_prog_cxx_g=yes
ac_cv_prog_make_make_set=yes
am_cv_CC_dependencies_compiler_type=gcc3
am_cv_CXX_dependencies_compiler_type=gcc3
am_cv_prog_tar_ustar=gnutar
lt_cv_ar_at_file=@
lt_cv_archive_cmds_need_lc=no
lt_cv_deplibs_check_method=pass_all
lt_cv_file_magic_cmd='$MAGIC_CMD'
lt_cv_file_magic_test_file=
lt_cv_ld_reload_flag=-r
lt_cv_nm_interface='BSD nm'
lt_cv_objdir=.libs
lt_cv_path_LD=/usr/bin/ld
lt_cv_path_LDCXX='/usr/bin/ld -m elf_x86_64'
lt_cv_path_NM='/usr/bin/nm -B'
lt_cv_path_mainfest_tool=no
lt_cv_prog_compiler_c_o=yes
lt_cv_prog_compiler_c_o_CXX=yes
lt_cv_prog_compiler_pic='-fPIC -DPIC'
lt_cv_prog_compiler_pic_CXX='-fPIC -DPIC'
lt_cv_prog_compiler_pic_works=yes
lt_cv_prog_compiler_pic_works_CXX=yes
lt_cv_prog_compiler_rtti_exceptions=no
lt_cv_prog_compiler_static_works=yes
lt_cv_prog_compiler_static_works_CXX=yes
lt_cv_prog_gnu_ld=yes
lt_cv_prog_gnu_ldcxx=yes
lt_cv_sharedlib_from_linklib_cmd='printf %s\n'
lt_cv_shlibpath_overrides_runpath=no
lt_cv_sys_global_symbol_pipe='sed -n -e '\''s/^.*[	 ]\([ABCDGIRSTW][ABCDGIRSTW]*\)[	 ][	 ]*\([_A-Za-z][_A-Za-z0-9]*\)$/\1 \2 \2/p'\'' | sed '\''/ __gnu_lto/d'\'''
lt_cv_sys_global_symbol_to_c_name_address='sed -n -e '\''s/^: \([^ ]*\)[ ]*$/  {\"\1\", (void *) 0},/p'\'' -e '\''s/^[ABCDGIRSTW]* \([^ ]*\) \([^ ]*\)$/  {"\2", (void *) \&\2},/p'\'''
lt_cv_sys_global_symbol_to_c_name_address_lib_prefix='sed -n -e '\''s/^: \([^ ]*\)[ ]*$/  {\"\1\", (void *) 0},/p'\'' -e '\''s/^[ABCDGIRSTW]* \([^ ]*\) \(lib[^ ]*\)$/  {"\2", (void *) \&\2},/p'\'' -e '\''s/^[ABCDGIRSTW]* \([^ ]*\) \([^ ]*\)$/  {"lib\2", (void *) \&\2},/p'\'''
lt_cv_sys_global_symbol_to_cdecl='sed -n -e '\''s/^T .* \(.*\)$/extern int \1();/p'\'' -e '\''s/^[ABCDGIRSTW]* .* \(.*\)$/extern char \1;/p'\'''
lt_cv_sys_max_cmd_len=1572864
lt_cv_to_host_file_cmd=func_convert_file_noop
lt_cv_to_tool_file_cmd=func_convert_file_noop

## ----------------- ##
## Output variables. ##
## ----------------- ##

ACLOCAL='${SHELL} /home/stephen/Workspace/Rare/NamingZebras/Zebra/xapian-bindings-1.2.17/missing --run aclocal-1.11'
AMDEPBACKSLASH='\'
AMDEP_FALSE='#'
AMDEP_TRUE=''
AMTAR='$${TAR-tar}'
AR='ar'
AUTOCONF='${SHELL} /home/stephen/Workspace/Rare/NamingZebras/Zebra/xapian-bindings-1.2.17/missing --run autoconf'
AUTOHEADER='${SHELL} /home/stephen/Workspace/Rare/NamingZebras/Zebra/xapian-bindings-1.2.17/missing --run autoheader'
AUTOM4TE='autom4te'
AUTOMAKE='${SHELL} /home/stephen/Workspace/Rare/NamingZebras/Zebra/xapian-bindings-1.2.17/missing --run automake-1.11'
AWK='gawk'
BINDINGS=' ruby'
CC='gcc'
CCDEPMODE='depmode=gcc3'
CFLAGS='-g -O2'
COMPAT_VERSION='1.2.17'
CPP='gcc -E'
CPPFLAGS=''
CSC=''
CXX='g++'
CXXCPP='g++ -E'
CXXDEPMODE='depmode=gcc3'
CXXFLAGS='-g -O2'
CYGPATH_W='echo'
DEFS='-DHAVE_CONFIG_H'
DEPDIR='.deps'
DLLTOOL='false'
DOCUMENTATION_RULES_FALSE=''
DOCUMENTATION_RULES_TRUE='#'
DSYMUTIL=''
DUMPBIN=''
ECHO_C=''
ECHO_N='-n'
ECHO_T=''
EGREP='/bin/grep -E'
EXEEXT=''
FGREP='/bin/grep -F'
GACUTIL=''
GACUTIL_FLAGS=''
GREP='/bin/grep'
INSTALL_DATA='${INSTALL} -m 644'
INSTALL_PROGRAM='${INSTALL}'
INSTALL_SCRIPT='${INSTALL}'
INSTALL_STRIP_PROGRAM='$(install_sh) -c -s'
INTREE_DYLD_PATH=''
JAR=''
JAVA=''
JAVAC=''
JAVA_CPPFLAGS=''
JAVA_CXXFLAGS='-Wall -W -Wno-unused'
JAVA_HOME=''
JAVA_PATHSEP=''
JDK_HOME=''
JNI_INCLUDE_DIR=''
LD='/usr/bin/ld -m elf_x86_64'
LDFLAGS=''
LIBOBJS=''
LIBS=''
LIBTOOL='$(SHELL) $(top_builddir)/libtool'
LIPO=''
LN_S='ln -s'
LTLIBOBJS=''
LUA=''
LUA_CPPFLAGS=''
LUA_INC=''
LUA_LIB=''
LUA_SO=''
MAINT='#'
MAINTAINER_MODE_FALSE=''
MAINTAINER_MODE_TRUE='#'
MAINTAINER_NO_DOCS_FALSE=''
MAINTAINER_NO_DOCS_TRUE='#'
MAKEINFO='${SHELL} /home/stephen/Workspace/Rare/NamingZebras/Zebra/xapian-bindings-1.2.17/missing --run makeinfo'
MANIFEST_TOOL=':'
MKDIR_P='/bin/mkdir -p'
MONO=''
NEED_INTREE_DYLD_FALSE=''
NEED_INTREE_DYLD_TRUE='#'
NEED_JNILIB_EXT_FALSE=''
NEED_JNILIB_EXT_TRUE='#'
NM='/usr/bin/nm -B'
NMEDIT=''
NO_UNDEFINED=''
OBJDUMP='objdump'
OBJEXT='o'
OTOOL64=''
OTOOL=''
OVERRIDE_MACOSX_DEPLOYMENT_TARGET=''
OVERRIDE_MACOSX_DEPLOYMENT_TARGET_FALSE=''
OVERRIDE_MACOSX_DEPLOYMENT_TARGET_TRUE='#'
PACKAGE='xapian-bindings'
PACKAGE_BUGREPORT='http://xapian.org/bugs'
PACKAGE_NAME='xapian-bindings'
PACKAGE_STRING='xapian-bindings 1.2.17'
PACKAGE_TARNAME='xapian-bindings'
PACKAGE_URL=''
PACKAGE_VERSION='1.2.17'
PATH_SEPARATOR=':'
PERL=''
PERL_ARCH=''
PERL_INC=''
PERL_LIB=''
PERL_SO=''
PERL_XAPIAN_VERSION=''
PHP=''
PHP_CONFIG=''
PHP_EXTENSION_DIR=''
PHP_INC=''
PHP_LIBS=''
PHP_MAJOR_VERSION=''
PHP_PATH_SEPARATOR=''
PYTHON=''
PYTHON_INC=''
PYTHON_LIB=''
PYTHON_LIBS=''
PYTHON_SO=''
QUIET=''
RANLIB='ranlib'
RDOC=''
RUBY='/home/stephen/.rvm/rubies/ruby-2.0.0-p247/bin/ruby'
RUBY_DLEXT='so'
RUBY_INC='/home/stephen/.rvm/rubies/ruby-2.0.0-p247/include/ruby-2.0.0'
RUBY_INC_ARCH='/home/stephen/.rvm/rubies/ruby-2.0.0-p247/include/ruby-2.0.0/x86_64-linux'
RUBY_LIB='/home/stephen/.rvm/rubies/ruby-2.0.0-p247/lib/ruby/site_ruby/2.0.0'
RUBY_LIBS=''
RUBY_LIB_ARCH='/home/stephen/.rvm/rubies/ruby-2.0.0-p247/lib/ruby/site_ruby/2.0.0/x86_64-linux'
RUN_CSHARP=''
SED='/bin/sed'
SET_MAKE=''
SHELL='/bin/bash'
SN=''
STRIP='strip'
SWIG=''
SWIG_CXXFLAGS='-fno-strict-aliasing -Wall -Wno-unused -Wno-uninitialized -fvisibility=hidden'
SWIG_FLAGS=''
TCLSH=''
TCL_CPPFLAGS=''
TCL_INC=''
TCL_LIB=''
TCL_LIBS=''
VERSION='1.2.17'
VERSION_NO_SNAPSHOT='1.2.17'
XAPIAN_CONFIG='/usr/local/bin/xapian-config'
XAPIAN_CXXFLAGS='-I/usr/local/include'
XAPIAN_LIBS='-L/usr/local/lib -lxapian -lstdc++'
XAPIAN_VERSION='1.2.17'
ac_ct_AR='ar'
ac_ct_CC='gcc'
ac_ct_CXX='g++'
ac_ct_DUMPBIN=''
am__EXEEXT_FALSE=''
am__EXEEXT_TRUE='#'
am__fastdepCC_FALSE='#'
am__fastdepCC_TRUE=''
am__fastdepCXX_FALSE='#'
am__fastdepCXX_TRUE=''
am__include='include'
am__isrc=''
am__leading_dot='.'
am__nodep='_no'
am__quote=''
am__tar='tar --format=ustar -chf - "$$tardir"'
am__untar='tar -xf -'
bindir='${exec_prefix}/bin'
build='x86_64-unknown-linux-gnu'
build_alias=''
build_cpu='x86_64'
build_os='linux-gnu'
build_vendor='unknown'
datadir='${datarootdir}'
datarootdir='${prefix}/share'
docdir='${datarootdir}/doc/${PACKAGE_TARNAME}'
dvidir='${docdir}'
exec_prefix='${prefix}'
host='x86_64-unknown-linux-gnu'
host_alias=''
host_cpu='x86_64'
host_os='linux-gnu'
host_vendor='unknown'
htmldir='${docdir}'
includedir='${prefix}/include'
infodir='${datarootdir}/info'
install_sh='${SHELL} /home/stephen/Workspace/Rare/NamingZebras/Zebra/xapian-bindings-1.2.17/install-sh'
libdir='${exec_prefix}/lib'
libexecdir='${exec_prefix}/libexec'
localedir='${datarootdir}/locale'
localstatedir='${prefix}/var'
mandir='${datarootdir}/man'
mkdir_p='/bin/mkdir -p'
oldincludedir='/usr/include'
pdfdir='${docdir}'
prefix='/usr/local'
program_transform_name='s,x,x,'
psdir='${docdir}'
sbindir='${exec_prefix}/sbin'
sharedstatedir='${prefix}/com'
sysconfdir='${prefix}/etc'
target_alias=''

## ----------- ##
## confdefs.h. ##
## ----------- ##

/* confdefs.h */
#define PACKAGE_NAME "xapian-bindings"
#define PACKAGE_TARNAME "xapian-bindings"
#define PACKAGE_VERSION "1.2.17"
#define PACKAGE_STRING "xapian-bindings 1.2.17"
#define PACKAGE_BUGREPORT "http://xapian.org/bugs"
#define PACKAGE_URL ""
#define PACKAGE "xapian-bindings"
#define VERSION "1.2.17"
#define STDC_HEADERS 1
#define HAVE_SYS_TYPES_H 1
#define HAVE_SYS_STAT_H 1
#define HAVE_STDLIB_H 1
#define HAVE_STRING_H 1
#define HAVE_MEMORY_H 1
#define HAVE_STRINGS_H 1
#define HAVE_INTTYPES_H 1
#define HAVE_STDINT_H 1
#define HAVE_UNISTD_H 1
#define HAVE_DLFCN_H 1
#define LT_OBJDIR ".libs/"

configure: exit 0
